#
# There is insufficient memory for the Java Runtime Environment to continue.
# Native memory allocation (malloc) failed to allocate 2453984 bytes. Error detail: Chunk::new
# Possible reasons:
#   The system is out of physical RAM or swap space
#   This process is running with CompressedOops enabled, and the Java Heap may be blocking the growth of the native heap
# Possible solutions:
#   Reduce memory load on the system
#   Increase physical memory or swap space
#   Check if swap backing store is full
#   Decrease Java heap size (-Xmx/-Xms)
#   Decrease number of Java threads
#   Decrease Java thread stack sizes (-Xss)
#   Set larger code cache with -XX:ReservedCodeCacheSize=
#   JVM is running with Unscaled Compressed Oops mode in which the Java heap is
#     placed in the first 4GB address space. The Java Heap base address is the
#     maximum limit for the native heap growth. Please use -XX:HeapBaseMinAddress
#     to set the Java Heap base and to place the Java Heap above 4GB virtual address.
# This output file may be truncated or incomplete.
#
#  Out of Memory Error (arena.cpp:191), pid=73160, tid=59372
#
# JRE version: OpenJDK Runtime Environment Temurin-17.0.12+7 (17.0.12+7) (build 17.0.12+7)
# Java VM: OpenJDK 64-Bit Server VM Temurin-17.0.12+7 (17.0.12+7, mixed mode, tiered, compressed oops, compressed class ptrs, parallel gc, windows-amd64)
# No core dump will be written. Minidumps are not enabled by default on client versions of Windows
#

---------------  S U M M A R Y ------------

Command Line: --add-modules=ALL-SYSTEM --add-opens=java.base/java.util=ALL-UNNAMED --add-opens=java.base/java.lang=ALL-UNNAMED --add-opens=java.base/sun.nio.fs=ALL-UNNAMED -Declipse.application=org.eclipse.jdt.ls.core.id1 -Dosgi.bundles.defaultStartLevel=4 -Declipse.product=org.eclipse.jdt.ls.core.product -Djava.import.generatesMetadataFilesAtProjectRoot=false -DDetectVMInstallationsJob.disabled=true -Dfile.encoding=utf8 -XX:+UseParallelGC -XX:GCTimeRatio=4 -XX:AdaptiveSizePolicyWeight=90 -Dsun.zip.disableMemoryMapping=true -Xmx1G -Xms100m -Xlog:disable -javaagent:c:\Users\chunjae\.vscode\extensions\redhat.java-1.35.1-win32-x64\lombok\lombok-1.18.33.jar -XX:+HeapDumpOnOutOfMemoryError -XX:HeapDumpPath=c:\Users\chunjae\AppData\Roaming\Code\User\workspaceStorage\f77d798347c1091f6563b21eeae9fd79\redhat.java -Daether.dependencyCollector.impl=bf c:\Users\chunjae\.vscode\extensions\redhat.java-1.35.1-win32-x64\server\plugins\org.eclipse.equinox.launcher_1.6.900.v20240613-2009.jar -configuration c:\Users\chunjae\AppData\Roaming\Code\User\globalStorage\redhat.java\1.35.1\config_win -data c:\Users\chunjae\AppData\Roaming\Code\User\workspaceStorage\f77d798347c1091f6563b21eeae9fd79\redhat.java\jdt_ws --pipe=\\.\pipe\lsp-cc2bd41d97af17b8bede2198cc1eac52-sock

Host: AMD Ryzen 3 5300U with Radeon Graphics         , 8 cores, 7G,  Windows 11 , 64 bit Build 22621 (10.0.22621.1485)
Time: Wed Oct 23 15:32:40 2024  Windows 11 , 64 bit Build 22621 (10.0.22621.1485) elapsed time: 190458.149740 seconds (2d 4h 54m 18s)

---------------  T H R E A D  ---------------

Current thread (0x000001f5480f3e90):  JavaThread "C2 CompilerThread0" daemon [_thread_in_native, id=59372, stack(0x0000005a3de00000,0x0000005a3df00000)]


Current CompileTask:
C2:190458149 39993       4       org.eclipse.jdt.internal.compiler.lookup.BinaryTypeBinding::resolveType (207 bytes)

Stack: [0x0000005a3de00000,0x0000005a3df00000]
Native frames: (J=compiled Java code, j=interpreted, Vv=VM code, C=native code)
V  [jvm.dll+0x67f929]
V  [jvm.dll+0x8371ba]
V  [jvm.dll+0x838c7e]
V  [jvm.dll+0x8392e3]
V  [jvm.dll+0x24834f]
V  [jvm.dll+0xac9d4]
V  [jvm.dll+0xad01c]
V  [jvm.dll+0x3674a7]
V  [jvm.dll+0x33197a]
V  [jvm.dll+0x330e1a]
V  [jvm.dll+0x21a8b1]
V  [jvm.dll+0x219cf1]
V  [jvm.dll+0x1a58bd]
V  [jvm.dll+0x229a2d]
V  [jvm.dll+0x227bdc]
V  [jvm.dll+0x7ec1f7]
V  [jvm.dll+0x7e65dc]
V  [jvm.dll+0x67e7f7]
C  [ucrtbase.dll+0x29363]
C  [KERNEL32.DLL+0x1269d]
C  [ntdll.dll+0x5a9f8]


---------------  P R O C E S S  ---------------

Threads class SMR info:
_java_thread_list=0x000001f54d046bf0, length=67, elements={
0x000001f52f855b10, 0x000001f54366e840, 0x000001f5480a6ad0, 0x000001f5480acb90,
0x000001f5480ad460, 0x000001f5480f09b0, 0x000001f5480f1280, 0x000001f5480f3e90,
0x000001f548160db0, 0x000001f548163a80, 0x000001f5481e1d60, 0x000001f5483ac510,
0x000001f549d0a360, 0x000001f549ca8c10, 0x000001f549ca90f0, 0x000001f549afa870,
0x000001f548283dc0, 0x000001f549985610, 0x000001f54ae1c570, 0x000001f54ae1fd20,
0x000001f54ae1e3d0, 0x000001f54ae1e8e0, 0x000001f54ae1ca80, 0x000001f54ae1f300,
0x000001f54ae1f810, 0x000001f54ae1cf90, 0x000001f54ae21b80, 0x000001f54ae22ab0,
0x000001f54ae20230, 0x000001f54ae22090, 0x000001f54ae1d9b0, 0x000001f54ae20740,
0x000001f54ae225a0, 0x000001f549fc5e90, 0x000001f549fc72d0, 0x000001f549fc8c20,
0x000001f549fc9640, 0x000001f549fcaa80, 0x000001f549fca060, 0x000001f549fcaf90,
0x000001f54ae1c060, 0x000001f549fca570, 0x000001f549fc9b50, 0x000001f549fc4030,
0x000001f54a17dc50, 0x000001f54ba244a0, 0x000001f54ba1e470, 0x000001f54ba24ec0,
0x000001f54a17a4a0, 0x000001f54a17d230, 0x000001f54a17cd20, 0x000001f54a17eb80,
0x000001f54a17a9b0, 0x000001f549fc4f60, 0x000001f54ba21200, 0x000001f54ba23060,
0x000001f54a17e160, 0x000001f54ae20c50, 0x000001f549986540, 0x000001f54ba23f90,
0x000001f54ba1df60, 0x000001f549fc6dc0, 0x000001f54ba1f8b0, 0x000001f54ba22b50,
0x000001f54a17d740, 0x000001f54a17aec0, 0x000001f54ae22fc0
}

Java Threads: ( => current thread )
  0x000001f52f855b10 JavaThread "main" [_thread_blocked, id=37760, stack(0x0000005a3d500000,0x0000005a3d600000)]
  0x000001f54366e840 JavaThread "Reference Handler" daemon [_thread_blocked, id=40544, stack(0x0000005a3d800000,0x0000005a3d900000)]
  0x000001f5480a6ad0 JavaThread "Finalizer" daemon [_thread_blocked, id=67660, stack(0x0000005a3d900000,0x0000005a3da00000)]
  0x000001f5480acb90 JavaThread "Signal Dispatcher" daemon [_thread_blocked, id=22720, stack(0x0000005a3da00000,0x0000005a3db00000)]
  0x000001f5480ad460 JavaThread "Attach Listener" daemon [_thread_blocked, id=79508, stack(0x0000005a3db00000,0x0000005a3dc00000)]
  0x000001f5480f09b0 JavaThread "Service Thread" daemon [_thread_blocked, id=19980, stack(0x0000005a3dc00000,0x0000005a3dd00000)]
  0x000001f5480f1280 JavaThread "Monitor Deflation Thread" daemon [_thread_blocked, id=49532, stack(0x0000005a3dd00000,0x0000005a3de00000)]
=>0x000001f5480f3e90 JavaThread "C2 CompilerThread0" daemon [_thread_in_native, id=59372, stack(0x0000005a3de00000,0x0000005a3df00000)]
  0x000001f548160db0 JavaThread "C1 CompilerThread0" daemon [_thread_blocked, id=61084, stack(0x0000005a3df00000,0x0000005a3e000000)]
  0x000001f548163a80 JavaThread "Sweeper thread" daemon [_thread_blocked, id=79192, stack(0x0000005a3e000000,0x0000005a3e100000)]
  0x000001f5481e1d60 JavaThread "Common-Cleaner" daemon [_thread_blocked, id=10676, stack(0x0000005a3e100000,0x0000005a3e200000)]
  0x000001f5483ac510 JavaThread "Notification Thread" daemon [_thread_blocked, id=35764, stack(0x0000005a3e200000,0x0000005a3e300000)]
  0x000001f549d0a360 JavaThread "Active Thread: Equinox Container: ba082052-a900-4cf2-88c4-393ed08cf637" [_thread_blocked, id=32632, stack(0x0000005a3ea00000,0x0000005a3eb00000)]
  0x000001f549ca8c10 JavaThread "Framework Event Dispatcher: Equinox Container: ba082052-a900-4cf2-88c4-393ed08cf637" daemon [_thread_blocked, id=2956, stack(0x0000005a3ec00000,0x0000005a3ed00000)]
  0x000001f549ca90f0 JavaThread "Start Level: Equinox Container: ba082052-a900-4cf2-88c4-393ed08cf637" daemon [_thread_blocked, id=71200, stack(0x0000005a3ed00000,0x0000005a3ee00000)]
  0x000001f549afa870 JavaThread "Bundle File Closer" daemon [_thread_blocked, id=33920, stack(0x0000005a3ee00000,0x0000005a3ef00000)]
  0x000001f548283dc0 JavaThread "SCR Component Actor" daemon [_thread_blocked, id=34212, stack(0x0000005a3ef00000,0x0000005a3f000000)]
  0x000001f549985610 JavaThread "Worker-JM" [_thread_blocked, id=63188, stack(0x0000005a3f100000,0x0000005a3f200000)]
  0x000001f54ae1c570 JavaThread "Java indexing" daemon [_thread_blocked, id=17984, stack(0x0000005a3f600000,0x0000005a3f700000)]
  0x000001f54ae1fd20 JavaThread "JNA Cleaner" daemon [_thread_blocked, id=18440, stack(0x0000005a3f000000,0x0000005a3f100000)]
  0x000001f54ae1e3d0 JavaThread "Thread-2" daemon [_thread_in_native, id=30436, stack(0x0000005a3f700000,0x0000005a3f800000)]
  0x000001f54ae1e8e0 JavaThread "Thread-3" daemon [_thread_in_native, id=48328, stack(0x0000005a3f800000,0x0000005a3f900000)]
  0x000001f54ae1ca80 JavaThread "Thread-4" daemon [_thread_in_native, id=68012, stack(0x0000005a3f900000,0x0000005a3fa00000)]
  0x000001f54ae1f300 JavaThread "Thread-5" daemon [_thread_in_native, id=26052, stack(0x0000005a3fa00000,0x0000005a3fb00000)]
  0x000001f54ae1f810 JavaThread "Thread-6" daemon [_thread_in_native, id=26092, stack(0x0000005a3fb00000,0x0000005a3fc00000)]
  0x000001f54ae1cf90 JavaThread "Thread-7" daemon [_thread_in_native, id=37900, stack(0x0000005a3fc00000,0x0000005a3fd00000)]
  0x000001f54ae21b80 JavaThread "Thread-8" daemon [_thread_in_native, id=78212, stack(0x0000005a3fd00000,0x0000005a3fe00000)]
  0x000001f54ae22ab0 JavaThread "Thread-9" daemon [_thread_in_native, id=34028, stack(0x0000005a3fe00000,0x0000005a3ff00000)]
  0x000001f54ae20230 JavaThread "Thread-10" daemon [_thread_in_native, id=25048, stack(0x0000005a3ff00000,0x0000005a40000000)]
  0x000001f54ae22090 JavaThread "pool-2-thread-1" [_thread_blocked, id=51708, stack(0x0000005a40000000,0x0000005a40100000)]
  0x000001f54ae1d9b0 JavaThread "WorkspaceEventsHandler" [_thread_blocked, id=28980, stack(0x0000005a40100000,0x0000005a40200000)]
  0x000001f54ae20740 JavaThread "pool-1-thread-1" [_thread_blocked, id=26812, stack(0x0000005a40200000,0x0000005a40300000)]
  0x000001f54ae225a0 JavaThread "Refresh Thread: Equinox Container: ba082052-a900-4cf2-88c4-393ed08cf637" daemon [_thread_blocked, id=79716, stack(0x0000005a40600000,0x0000005a40700000)]
  0x000001f549fc5e90 JavaThread "pool-3-thread-1" [_thread_blocked, id=25356, stack(0x0000005a40300000,0x0000005a40400000)]
  0x000001f549fc72d0 JavaThread "Compiler Source File Reader" daemon [_thread_blocked, id=72516, stack(0x0000005a40c00000,0x0000005a40d00000)]
  0x000001f549fc8c20 JavaThread "Compiler Source File Reader" daemon [_thread_blocked, id=74500, stack(0x0000005a40d00000,0x0000005a40e00000)]
  0x000001f549fc9640 JavaThread "Compiler Source File Reader" daemon [_thread_blocked, id=30788, stack(0x0000005a40e00000,0x0000005a40f00000)]
  0x000001f549fcaa80 JavaThread "Compiler Source File Reader" daemon [_thread_blocked, id=60040, stack(0x0000005a40f00000,0x0000005a41000000)]
  0x000001f549fca060 JavaThread "Compiler Source File Reader" daemon [_thread_blocked, id=79412, stack(0x0000005a41000000,0x0000005a41100000)]
  0x000001f549fcaf90 JavaThread "Compiler Source File Reader" daemon [_thread_blocked, id=62896, stack(0x0000005a41100000,0x0000005a41200000)]
  0x000001f54ae1c060 JavaThread "Cleaner-0" daemon [_thread_blocked, id=56988, stack(0x0000005a3f500000,0x0000005a3f600000)]
  0x000001f549fca570 JavaThread "Java Debug Server" daemon [_thread_in_native, id=41716, stack(0x0000005a40800000,0x0000005a40900000)]
  0x000001f549fc9b50 JavaThread "RxSchedulerPurge-1" daemon [_thread_blocked, id=66604, stack(0x0000005a40b00000,0x0000005a40c00000)]
  0x000001f549fc4030 JavaThread "RxCachedWorkerPoolEvictor-1" daemon [_thread_blocked, id=82036, stack(0x0000005a41200000,0x0000005a41300000)]
  0x000001f54a17dc50 JavaThread "pool-4-thread-10" [_thread_in_native, id=75252, stack(0x0000005a41300000,0x0000005a41400000)]
  0x000001f54ba244a0 JavaThread "ForkJoinPool.commonPool-worker-218" daemon [_thread_blocked, id=46980, stack(0x0000005a3f300000,0x0000005a3f400000)]
  0x000001f54ba1e470 JavaThread "ForkJoinPool.commonPool-worker-219" daemon [_thread_blocked, id=66972, stack(0x0000005a3f400000,0x0000005a3f500000)]
  0x000001f54ba24ec0 JavaThread "ForkJoinPool.commonPool-worker-220" daemon [_thread_blocked, id=53576, stack(0x0000005a40400000,0x0000005a40500000)]
  0x000001f54a17a4a0 JavaThread "ForkJoinPool.commonPool-worker-221" daemon [_thread_blocked, id=23252, stack(0x0000005a40500000,0x0000005a40600000)]
  0x000001f54a17d230 JavaThread "ForkJoinPool.commonPool-worker-222" daemon [_thread_blocked, id=27600, stack(0x0000005a40700000,0x0000005a40800000)]
  0x000001f54a17cd20 JavaThread "ForkJoinPool.commonPool-worker-223" daemon [_thread_blocked, id=30020, stack(0x0000005a40900000,0x0000005a40a00000)]
  0x000001f54a17eb80 JavaThread "ForkJoinPool.commonPool-worker-225" daemon [_thread_blocked, id=43056, stack(0x0000005a41400000,0x0000005a41500000)]
  0x000001f54a17a9b0 JavaThread "ForkJoinPool.commonPool-worker-226" daemon [_thread_blocked, id=49428, stack(0x0000005a41900000,0x0000005a41a00000)]
  0x000001f549fc4f60 JavaThread "ForkJoinPool.commonPool-worker-227" daemon [_thread_blocked, id=80952, stack(0x0000005a41f00000,0x0000005a42000000)]
  0x000001f54ba21200 JavaThread "ForkJoinPool.commonPool-worker-228" daemon [_thread_blocked, id=25988, stack(0x0000005a41600000,0x0000005a41700000)]
  0x000001f54ba23060 JavaThread "ForkJoinPool.commonPool-worker-229" daemon [_thread_blocked, id=42880, stack(0x0000005a41800000,0x0000005a41900000)]
  0x000001f54a17e160 JavaThread "ForkJoinPool.commonPool-worker-230" daemon [_thread_blocked, id=29832, stack(0x0000005a42400000,0x0000005a42500000)]
  0x000001f54ae20c50 JavaThread "Worker-223" [_thread_blocked, id=59516, stack(0x0000005a41a00000,0x0000005a41b00000)]
  0x000001f549986540 JavaThread "Worker-224" [_thread_blocked, id=6948, stack(0x0000005a41c00000,0x0000005a41d00000)]
  0x000001f54ba23f90 JavaThread "RxNewThreadScheduler-51" daemon [_thread_blocked, id=24272, stack(0x0000005a41500000,0x0000005a41600000)]
  0x000001f54ba1df60 JavaThread "Packet Receive Manager" daemon [_thread_in_native, id=51744, stack(0x0000005a42000000,0x0000005a42100000)]
  0x000001f549fc6dc0 JavaThread "Packet Send Manager" daemon [_thread_blocked, id=84364, stack(0x0000005a41700000,0x0000005a41800000)]
  0x000001f54ba1f8b0 JavaThread "Event Hub" daemon [_thread_blocked, id=24704, stack(0x0000005a41d00000,0x0000005a41e00000)]
  0x000001f54ba22b50 JavaThread "Worker-226" [_thread_blocked, id=50548, stack(0x0000005a3f200000,0x0000005a3f300000)]
  0x000001f54a17d740 JavaThread "Compiler Processing Task" daemon [_thread_blocked, id=1792, stack(0x0000005a40a00000,0x0000005a40b00000)]
  0x000001f54a17aec0 JavaThread "Worker-227" [_thread_blocked, id=77948, stack(0x0000005a41e00000,0x0000005a41f00000)]
  0x000001f54ae22fc0 JavaThread "Worker-228" [_thread_blocked, id=43748, stack(0x0000005a42100000,0x0000005a42200000)]

Other Threads:
  0x000001f543658b30 VMThread "VM Thread" [stack: 0x0000005a3d700000,0x0000005a3d800000] [id=11384]
  0x000001f5483f8ec0 WatcherThread [stack: 0x0000005a3e300000,0x0000005a3e400000] [id=84948]
  0x000001f52f869be0 GCTaskThread "GC Thread#0" [stack: 0x0000005a3d600000,0x0000005a3d700000] [id=23980]
  0x000001f549b14bc0 GCTaskThread "GC Thread#1" [stack: 0x0000005a3e400000,0x0000005a3e500000] [id=40980]
  0x000001f549b14e80 GCTaskThread "GC Thread#2" [stack: 0x0000005a3e500000,0x0000005a3e600000] [id=24900]
  0x000001f549b15140 GCTaskThread "GC Thread#3" [stack: 0x0000005a3e600000,0x0000005a3e700000] [id=45244]
  0x000001f549fb74b0 GCTaskThread "GC Thread#4" [stack: 0x0000005a3e700000,0x0000005a3e800000] [id=15412]
  0x000001f549fb7770 GCTaskThread "GC Thread#5" [stack: 0x0000005a3e800000,0x0000005a3e900000] [id=57380]
  0x000001f549fb7a30 GCTaskThread "GC Thread#6" [stack: 0x0000005a3e900000,0x0000005a3ea00000] [id=30776]
  0x000001f549deb5a0 GCTaskThread "GC Thread#7" [stack: 0x0000005a3eb00000,0x0000005a3ec00000] [id=21116]

Threads with active compile tasks:
C2 CompilerThread0  190458247 39993       4       org.eclipse.jdt.internal.compiler.lookup.BinaryTypeBinding::resolveType (207 bytes)

VM state: not at safepoint (normal execution)

VM Mutex/Monitor currently owned by a thread: None

Heap address: 0x00000000c0000000, size: 1024 MB, Compressed Oops mode: 32-bit

CDS archive(s) not mapped
Compressed class space mapped at: 0x0000000100000000-0x0000000140000000, reserved size: 1073741824
Narrow klass base: 0x0000000000000000, Narrow klass shift: 3, Narrow klass range: 0x140000000

GC Precious Log:
 CPUs: 8 total, 8 available
 Memory: 7488M
 Large Page Support: Disabled
 NUMA Support: Disabled
 Compressed Oops: Enabled (32-bit)
 Alignments: Space 512K, Generation 512K, Heap 2M
 Heap Min Capacity: 100M
 Heap Initial Capacity: 100M
 Heap Max Capacity: 1G
 Pre-touch: Disabled
 Parallel Workers: 8

Heap:
 PSYoungGen      total 5632K, used 665K [0x00000000eab00000, 0x00000000eb180000, 0x0000000100000000)
  eden space 4608K, 4% used [0x00000000eab00000,0x00000000eab2e6c8,0x00000000eaf80000)
  from space 1024K, 46% used [0x00000000eb080000,0x00000000eb0f8000,0x00000000eb180000)
  to   space 1024K, 0% used [0x00000000eaf80000,0x00000000eaf80000,0x00000000eb080000)
 ParOldGen       total 227328K, used 202464K [0x00000000c0000000, 0x00000000cde00000, 0x00000000eab00000)
  object space 227328K, 89% used [0x00000000c0000000,0x00000000cc5b8150,0x00000000cde00000)
 Metaspace       used 107243K, committed 108608K, reserved 1179648K
  class space    used 10600K, committed 11200K, reserved 1048576K

Card table byte_map: [0x000001f52f180000,0x000001f52f390000] _byte_map_base: 0x000001f52eb80000

Marking Bits: (ParMarkBitMap*) 0x00007fff75c158b0
 Begin Bits: [0x000001f541470000, 0x000001f542470000)
 End Bits:   [0x000001f542470000, 0x000001f543470000)

Polling page: 0x000001f52eba0000

Metaspace:

Usage:
  Non-class:     94.38 MB used.
      Class:     10.35 MB used.
       Both:    104.73 MB used.

Virtual space:
  Non-class space:      128.00 MB reserved,      95.12 MB ( 74%) committed,  2 nodes.
      Class space:        1.00 GB reserved,      10.94 MB (  1%) committed,  1 nodes.
             Both:        1.12 GB reserved,     106.06 MB (  9%) committed. 

Chunk freelists:
   Non-Class:  703.00 KB
       Class:  5.00 MB
        Both:  5.69 MB

MaxMetaspaceSize: unlimited
CompressedClassSpaceSize: 1.00 GB
Initial GC threshold: 21.00 MB
Current GC threshold: 176.69 MB
CDS: off
MetaspaceReclaimPolicy: balanced
 - commit_granule_bytes: 65536.
 - commit_granule_words: 8192.
 - virtual_space_node_default_size: 8388608.
 - enlarge_chunks_in_place: 1.
 - new_chunks_are_fully_committed: 0.
 - uncommit_free_chunks: 1.
 - use_allocation_guard: 0.
 - handle_deallocations: 1.


Internal statistics:

num_allocs_failed_limit: 9.
num_arena_births: 1872.
num_arena_deaths: 910.
num_vsnodes_births: 3.
num_vsnodes_deaths: 0.
num_space_committed: 1697.
num_space_uncommitted: 0.
num_chunks_returned_to_freelist: 1174.
num_chunks_taken_from_freelist: 7149.
num_chunk_merges: 358.
num_chunk_splits: 3928.
num_chunks_enlarged: 2062.
num_inconsistent_stats: 0.

CodeHeap 'non-profiled nmethods': size=120000Kb used=41917Kb max_used=42487Kb free=78082Kb
 bounds [0x000001f539f40000, 0x000001f53c950000, 0x000001f541470000]
CodeHeap 'profiled nmethods': size=120000Kb used=49214Kb max_used=49214Kb free=70785Kb
 bounds [0x000001f532470000, 0x000001f5354b0000, 0x000001f5399a0000]
CodeHeap 'non-nmethods': size=5760Kb used=1483Kb max_used=1558Kb free=4276Kb
 bounds [0x000001f5399a0000, 0x000001f539c10000, 0x000001f539f40000]
 total_blobs=25196 nmethods=24352 adapters=753
 compilation: enabled
              stopped_count=0, restarted_count=0
 full_count=0

Compilation events (20 events):
Event: 190448.837 Thread 0x000001f548160db0 nmethod 39983 0x000001f533574390 code [0x000001f5335745a0, 0x000001f533574a28]
Event: 190448.837 Thread 0x000001f548160db0 39984   !   3       jdk.internal.reflect.GeneratedConstructorAccessor180::newInstance (49 bytes)
Event: 190448.839 Thread 0x000001f548160db0 nmethod 39984 0x000001f53549d890 code [0x000001f53549db00, 0x000001f53549e428]
Event: 190448.845 Thread 0x000001f5480f3e90 39985       4       org.eclipse.core.internal.dtree.DeltaDataTree::includes (12 bytes)
Event: 190448.852 Thread 0x000001f5480f3e90 nmethod 39985 0x000001f53b68e110 code [0x000001f53b68e2a0, 0x000001f53b68e518]
Event: 190449.604 Thread 0x000001f548160db0 39986       3       org.eclipse.jdt.internal.core.search.indexing.SourceIndexerRequestor::enterClass (217 bytes)
Event: 190449.611 Thread 0x000001f548160db0 nmethod 39986 0x000001f53549e890 code [0x000001f53549eb00, 0x000001f53549f678]
Event: 190451.070 Thread 0x000001f548160db0 39987       3       org.eclipse.jdt.internal.compiler.impl.LongConstant::fromValue (31 bytes)
Event: 190451.070 Thread 0x000001f548160db0 nmethod 39987 0x000001f5336eaa10 code [0x000001f5336eabe0, 0x000001f5336eaf38]
Event: 190451.089 Thread 0x000001f548160db0 39988       3       org.eclipse.jdt.internal.compiler.lookup.ReferenceBinding::depth (21 bytes)
Event: 190451.090 Thread 0x000001f548160db0 nmethod 39988 0x000001f533cd6210 code [0x000001f533cd63c0, 0x000001f533cd6668]
Event: 190451.090 Thread 0x000001f548160db0 39989       3       org.eclipse.jdt.internal.compiler.lookup.BinaryTypeBinding::resolveType (207 bytes)
Event: 190451.092 Thread 0x000001f548160db0 nmethod 39989 0x000001f53549fa90 code [0x000001f53549fd40, 0x000001f5354a0d68]
Event: 190457.336 Thread 0x000001f5480f3e90 39990       4       org.eclipse.jdt.internal.compiler.ClassFile::generateMethodInfoHeader (10 bytes)
Event: 190457.369 Thread 0x000001f548160db0 39991       3       org.eclipse.jdt.internal.compiler.ast.LambdaExpression::getMarkerInterfaces (141 bytes)
Event: 190457.371 Thread 0x000001f548160db0 nmethod 39991 0x000001f5354a1190 code [0x000001f5354a1420, 0x000001f5354a24b8]
Event: 190457.372 Thread 0x000001f5480f3e90 nmethod 39990 0x000001f53c1beb10 code [0x000001f53c1bed00, 0x000001f53c1bf540]
Event: 190457.417 Thread 0x000001f5480f3e90 39992       4       org.eclipse.jdt.internal.compiler.ast.Expression::generateCode (20 bytes)
Event: 190457.417 Thread 0x000001f5480f3e90 nmethod 39992 0x000001f53bd89c90 code [0x000001f53bd89e00, 0x000001f53bd89eb8]
Event: 190457.626 Thread 0x000001f5480f3e90 39993       4       org.eclipse.jdt.internal.compiler.lookup.BinaryTypeBinding::resolveType (207 bytes)

GC Heap History (20 events):
Event: 190457.547 GC heap before
{Heap before GC invocations=42103 (full 956):
 PSYoungGen      total 6144K, used 6144K [0x00000000eab00000, 0x00000000eb280000, 0x0000000100000000)
  eden space 5632K, 100% used [0x00000000eab00000,0x00000000eb080000,0x00000000eb080000)
  from space 512K, 100% used [0x00000000eb200000,0x00000000eb280000,0x00000000eb280000)
  to   space 512K, 0% used [0x00000000eb180000,0x00000000eb180000,0x00000000eb200000)
 ParOldGen       total 227328K, used 196035K [0x00000000c0000000, 0x00000000cde00000, 0x00000000eab00000)
  object space 227328K, 86% used [0x00000000c0000000,0x00000000cbf70cb8,0x00000000cde00000)
 Metaspace       used 107243K, committed 108608K, reserved 1179648K
  class space    used 10600K, committed 11200K, reserved 1048576K
}
Event: 190457.550 GC heap after
{Heap after GC invocations=42103 (full 956):
 PSYoungGen      total 6144K, used 512K [0x00000000eab00000, 0x00000000eb280000, 0x0000000100000000)
  eden space 5632K, 0% used [0x00000000eab00000,0x00000000eab00000,0x00000000eb080000)
  from space 512K, 100% used [0x00000000eb180000,0x00000000eb200000,0x00000000eb200000)
  to   space 512K, 0% used [0x00000000eb200000,0x00000000eb200000,0x00000000eb280000)
 ParOldGen       total 227328K, used 196611K [0x00000000c0000000, 0x00000000cde00000, 0x00000000eab00000)
  object space 227328K, 86% used [0x00000000c0000000,0x00000000cc000d28,0x00000000cde00000)
 Metaspace       used 107243K, committed 108608K, reserved 1179648K
  class space    used 10600K, committed 11200K, reserved 1048576K
}
Event: 190457.573 GC heap before
{Heap before GC invocations=42104 (full 956):
 PSYoungGen      total 6144K, used 6144K [0x00000000eab00000, 0x00000000eb280000, 0x0000000100000000)
  eden space 5632K, 100% used [0x00000000eab00000,0x00000000eb080000,0x00000000eb080000)
  from space 512K, 100% used [0x00000000eb180000,0x00000000eb200000,0x00000000eb200000)
  to   space 512K, 0% used [0x00000000eb200000,0x00000000eb200000,0x00000000eb280000)
 ParOldGen       total 227328K, used 196611K [0x00000000c0000000, 0x00000000cde00000, 0x00000000eab00000)
  object space 227328K, 86% used [0x00000000c0000000,0x00000000cc000d28,0x00000000cde00000)
 Metaspace       used 107243K, committed 108608K, reserved 1179648K
  class space    used 10600K, committed 11200K, reserved 1048576K
}
Event: 190457.576 GC heap after
{Heap after GC invocations=42104 (full 956):
 PSYoungGen      total 6144K, used 512K [0x00000000eab00000, 0x00000000eb380000, 0x0000000100000000)
  eden space 5632K, 0% used [0x00000000eab00000,0x00000000eab00000,0x00000000eb080000)
  from space 512K, 100% used [0x00000000eb200000,0x00000000eb280000,0x00000000eb280000)
  to   space 1536K, 0% used [0x00000000eb080000,0x00000000eb080000,0x00000000eb200000)
 ParOldGen       total 227328K, used 197192K [0x00000000c0000000, 0x00000000cde00000, 0x00000000eab00000)
  object space 227328K, 86% used [0x00000000c0000000,0x00000000cc092090,0x00000000cde00000)
 Metaspace       used 107243K, committed 108608K, reserved 1179648K
  class space    used 10600K, committed 11200K, reserved 1048576K
}
Event: 190457.590 GC heap before
{Heap before GC invocations=42105 (full 956):
 PSYoungGen      total 6144K, used 6143K [0x00000000eab00000, 0x00000000eb380000, 0x0000000100000000)
  eden space 5632K, 99% used [0x00000000eab00000,0x00000000eb07ffe8,0x00000000eb080000)
  from space 512K, 100% used [0x00000000eb200000,0x00000000eb280000,0x00000000eb280000)
  to   space 1536K, 0% used [0x00000000eb080000,0x00000000eb080000,0x00000000eb200000)
 ParOldGen       total 227328K, used 197192K [0x00000000c0000000, 0x00000000cde00000, 0x00000000eab00000)
  object space 227328K, 86% used [0x00000000c0000000,0x00000000cc092090,0x00000000cde00000)
 Metaspace       used 107243K, committed 108608K, reserved 1179648K
  class space    used 10600K, committed 11200K, reserved 1048576K
}
Event: 190457.592 GC heap after
{Heap after GC invocations=42105 (full 956):
 PSYoungGen      total 6656K, used 544K [0x00000000eab00000, 0x00000000eb280000, 0x0000000100000000)
  eden space 5632K, 0% used [0x00000000eab00000,0x00000000eab00000,0x00000000eb080000)
  from space 1024K, 53% used [0x00000000eb080000,0x00000000eb108000,0x00000000eb180000)
  to   space 1024K, 0% used [0x00000000eb180000,0x00000000eb180000,0x00000000eb280000)
 ParOldGen       total 227328K, used 197680K [0x00000000c0000000, 0x00000000cde00000, 0x00000000eab00000)
  object space 227328K, 86% used [0x00000000c0000000,0x00000000cc10c090,0x00000000cde00000)
 Metaspace       used 107243K, committed 108608K, reserved 1179648K
  class space    used 10600K, committed 11200K, reserved 1048576K
}
Event: 190457.616 GC heap before
{Heap before GC invocations=42106 (full 956):
 PSYoungGen      total 6656K, used 6176K [0x00000000eab00000, 0x00000000eb280000, 0x0000000100000000)
  eden space 5632K, 100% used [0x00000000eab00000,0x00000000eb080000,0x00000000eb080000)
  from space 1024K, 53% used [0x00000000eb080000,0x00000000eb108000,0x00000000eb180000)
  to   space 1024K, 0% used [0x00000000eb180000,0x00000000eb180000,0x00000000eb280000)
 ParOldGen       total 227328K, used 197680K [0x00000000c0000000, 0x00000000cde00000, 0x00000000eab00000)
  object space 227328K, 86% used [0x00000000c0000000,0x00000000cc10c090,0x00000000cde00000)
 Metaspace       used 107243K, committed 108608K, reserved 1179648K
  class space    used 10600K, committed 11200K, reserved 1048576K
}
Event: 190457.618 GC heap after
{Heap after GC invocations=42106 (full 956):
 PSYoungGen      total 5632K, used 1024K [0x00000000eab00000, 0x00000000eb480000, 0x0000000100000000)
  eden space 4608K, 0% used [0x00000000eab00000,0x00000000eab00000,0x00000000eaf80000)
  from space 1024K, 100% used [0x00000000eb180000,0x00000000eb280000,0x00000000eb280000)
  to   space 2048K, 0% used [0x00000000eaf80000,0x00000000eaf80000,0x00000000eb180000)
 ParOldGen       total 227328K, used 198385K [0x00000000c0000000, 0x00000000cde00000, 0x00000000eab00000)
  object space 227328K, 87% used [0x00000000c0000000,0x00000000cc1bc518,0x00000000cde00000)
 Metaspace       used 107243K, committed 108608K, reserved 1179648K
  class space    used 10600K, committed 11200K, reserved 1048576K
}
Event: 190457.646 GC heap before
{Heap before GC invocations=42107 (full 956):
 PSYoungGen      total 5632K, used 5632K [0x00000000eab00000, 0x00000000eb480000, 0x0000000100000000)
  eden space 4608K, 100% used [0x00000000eab00000,0x00000000eaf80000,0x00000000eaf80000)
  from space 1024K, 100% used [0x00000000eb180000,0x00000000eb280000,0x00000000eb280000)
  to   space 2048K, 0% used [0x00000000eaf80000,0x00000000eaf80000,0x00000000eb180000)
 ParOldGen       total 227328K, used 198385K [0x00000000c0000000, 0x00000000cde00000, 0x00000000eab00000)
  object space 227328K, 87% used [0x00000000c0000000,0x00000000cc1bc518,0x00000000cde00000)
 Metaspace       used 107243K, committed 108608K, reserved 1179648K
  class space    used 10600K, committed 11200K, reserved 1048576K
}
Event: 190457.648 GC heap after
{Heap after GC invocations=42107 (full 956):
 PSYoungGen      total 5632K, used 768K [0x00000000eab00000, 0x00000000eb280000, 0x0000000100000000)
  eden space 4608K, 0% used [0x00000000eab00000,0x00000000eab00000,0x00000000eaf80000)
  from space 1024K, 75% used [0x00000000eaf80000,0x00000000eb040000,0x00000000eb080000)
  to   space 1536K, 0% used [0x00000000eb100000,0x00000000eb100000,0x00000000eb280000)
 ParOldGen       total 227328K, used 199449K [0x00000000c0000000, 0x00000000cde00000, 0x00000000eab00000)
  object space 227328K, 87% used [0x00000000c0000000,0x00000000cc2c6518,0x00000000cde00000)
 Metaspace       used 107243K, committed 108608K, reserved 1179648K
  class space    used 10600K, committed 11200K, reserved 1048576K
}
Event: 190457.665 GC heap before
{Heap before GC invocations=42108 (full 956):
 PSYoungGen      total 5632K, used 5376K [0x00000000eab00000, 0x00000000eb280000, 0x0000000100000000)
  eden space 4608K, 100% used [0x00000000eab00000,0x00000000eaf80000,0x00000000eaf80000)
  from space 1024K, 75% used [0x00000000eaf80000,0x00000000eb040000,0x00000000eb080000)
  to   space 1536K, 0% used [0x00000000eb100000,0x00000000eb100000,0x00000000eb280000)
 ParOldGen       total 227328K, used 199449K [0x00000000c0000000, 0x00000000cde00000, 0x00000000eab00000)
  object space 227328K, 87% used [0x00000000c0000000,0x00000000cc2c6518,0x00000000cde00000)
 Metaspace       used 107243K, committed 108608K, reserved 1179648K
  class space    used 10600K, committed 11200K, reserved 1048576K
}
Event: 190457.669 GC heap after
{Heap after GC invocations=42108 (full 956):
 PSYoungGen      total 5632K, used 937K [0x00000000eab00000, 0x00000000eb200000, 0x0000000100000000)
  eden space 4608K, 0% used [0x00000000eab00000,0x00000000eab00000,0x00000000eaf80000)
  from space 1024K, 91% used [0x00000000eb100000,0x00000000eb1ea400,0x00000000eb200000)
  to   space 1024K, 0% used [0x00000000eaf80000,0x00000000eaf80000,0x00000000eb080000)
 ParOldGen       total 227328K, used 200109K [0x00000000c0000000, 0x00000000cde00000, 0x00000000eab00000)
  object space 227328K, 88% used [0x00000000c0000000,0x00000000cc36b728,0x00000000cde00000)
 Metaspace       used 107243K, committed 108608K, reserved 1179648K
  class space    used 10600K, committed 11200K, reserved 1048576K
}
Event: 190457.681 GC heap before
{Heap before GC invocations=42109 (full 956):
 PSYoungGen      total 5632K, used 5545K [0x00000000eab00000, 0x00000000eb200000, 0x0000000100000000)
  eden space 4608K, 100% used [0x00000000eab00000,0x00000000eaf80000,0x00000000eaf80000)
  from space 1024K, 91% used [0x00000000eb100000,0x00000000eb1ea400,0x00000000eb200000)
  to   space 1024K, 0% used [0x00000000eaf80000,0x00000000eaf80000,0x00000000eb080000)
 ParOldGen       total 227328K, used 200109K [0x00000000c0000000, 0x00000000cde00000, 0x00000000eab00000)
  object space 227328K, 88% used [0x00000000c0000000,0x00000000cc36b728,0x00000000cde00000)
 Metaspace       used 107243K, committed 108608K, reserved 1179648K
  class space    used 10600K, committed 11200K, reserved 1048576K
}
Event: 190457.684 GC heap after
{Heap after GC invocations=42109 (full 956):
 PSYoungGen      total 5632K, used 608K [0x00000000eab00000, 0x00000000eb180000, 0x0000000100000000)
  eden space 4608K, 0% used [0x00000000eab00000,0x00000000eab00000,0x00000000eaf80000)
  from space 1024K, 59% used [0x00000000eaf80000,0x00000000eb018000,0x00000000eb080000)
  to   space 1024K, 0% used [0x00000000eb080000,0x00000000eb080000,0x00000000eb180000)
 ParOldGen       total 227328K, used 200908K [0x00000000c0000000, 0x00000000cde00000, 0x00000000eab00000)
  object space 227328K, 88% used [0x00000000c0000000,0x00000000cc433318,0x00000000cde00000)
 Metaspace       used 107243K, committed 108608K, reserved 1179648K
  class space    used 10600K, committed 11200K, reserved 1048576K
}
Event: 190457.698 GC heap before
{Heap before GC invocations=42110 (full 956):
 PSYoungGen      total 5632K, used 5216K [0x00000000eab00000, 0x00000000eb180000, 0x0000000100000000)
  eden space 4608K, 100% used [0x00000000eab00000,0x00000000eaf80000,0x00000000eaf80000)
  from space 1024K, 59% used [0x00000000eaf80000,0x00000000eb018000,0x00000000eb080000)
  to   space 1024K, 0% used [0x00000000eb080000,0x00000000eb080000,0x00000000eb180000)
 ParOldGen       total 227328K, used 200908K [0x00000000c0000000, 0x00000000cde00000, 0x00000000eab00000)
  object space 227328K, 88% used [0x00000000c0000000,0x00000000cc433318,0x00000000cde00000)
 Metaspace       used 107243K, committed 108608K, reserved 1179648K
  class space    used 10600K, committed 11200K, reserved 1048576K
}
Event: 190457.701 GC heap after
{Heap after GC invocations=42110 (full 956):
 PSYoungGen      total 5632K, used 617K [0x00000000eab00000, 0x00000000eb180000, 0x0000000100000000)
  eden space 4608K, 0% used [0x00000000eab00000,0x00000000eab00000,0x00000000eaf80000)
  from space 1024K, 60% used [0x00000000eb080000,0x00000000eb11a400,0x00000000eb180000)
  to   space 1024K, 0% used [0x00000000eaf80000,0x00000000eaf80000,0x00000000eb080000)
 ParOldGen       total 227328K, used 201396K [0x00000000c0000000, 0x00000000cde00000, 0x00000000eab00000)
  object space 227328K, 88% used [0x00000000c0000000,0x00000000cc4ad338,0x00000000cde00000)
 Metaspace       used 107243K, committed 108608K, reserved 1179648K
  class space    used 10600K, committed 11200K, reserved 1048576K
}
Event: 190457.713 GC heap before
{Heap before GC invocations=42111 (full 956):
 PSYoungGen      total 5632K, used 5225K [0x00000000eab00000, 0x00000000eb180000, 0x0000000100000000)
  eden space 4608K, 100% used [0x00000000eab00000,0x00000000eaf80000,0x00000000eaf80000)
  from space 1024K, 60% used [0x00000000eb080000,0x00000000eb11a400,0x00000000eb180000)
  to   space 1024K, 0% used [0x00000000eaf80000,0x00000000eaf80000,0x00000000eb080000)
 ParOldGen       total 227328K, used 201396K [0x00000000c0000000, 0x00000000cde00000, 0x00000000eab00000)
  object space 227328K, 88% used [0x00000000c0000000,0x00000000cc4ad338,0x00000000cde00000)
 Metaspace       used 107243K, committed 108608K, reserved 1179648K
  class space    used 10600K, committed 11200K, reserved 1048576K
}
Event: 190457.715 GC heap after
{Heap after GC invocations=42111 (full 956):
 PSYoungGen      total 5632K, used 656K [0x00000000eab00000, 0x00000000eb180000, 0x0000000100000000)
  eden space 4608K, 0% used [0x00000000eab00000,0x00000000eab00000,0x00000000eaf80000)
  from space 1024K, 64% used [0x00000000eaf80000,0x00000000eb024010,0x00000000eb080000)
  to   space 1024K, 0% used [0x00000000eb080000,0x00000000eb080000,0x00000000eb180000)
 ParOldGen       total 227328K, used 201896K [0x00000000c0000000, 0x00000000cde00000, 0x00000000eab00000)
  object space 227328K, 88% used [0x00000000c0000000,0x00000000cc52a130,0x00000000cde00000)
 Metaspace       used 107243K, committed 108608K, reserved 1179648K
  class space    used 10600K, committed 11200K, reserved 1048576K
}
Event: 190457.817 GC heap before
{Heap before GC invocations=42112 (full 956):
 PSYoungGen      total 5632K, used 5262K [0x00000000eab00000, 0x00000000eb180000, 0x0000000100000000)
  eden space 4608K, 99% used [0x00000000eab00000,0x00000000eaf7fa48,0x00000000eaf80000)
  from space 1024K, 64% used [0x00000000eaf80000,0x00000000eb024010,0x00000000eb080000)
  to   space 1024K, 0% used [0x00000000eb080000,0x00000000eb080000,0x00000000eb180000)
 ParOldGen       total 227328K, used 201896K [0x00000000c0000000, 0x00000000cde00000, 0x00000000eab00000)
  object space 227328K, 88% used [0x00000000c0000000,0x00000000cc52a130,0x00000000cde00000)
 Metaspace       used 107243K, committed 108608K, reserved 1179648K
  class space    used 10600K, committed 11200K, reserved 1048576K
}
Event: 190457.819 GC heap after
{Heap after GC invocations=42112 (full 956):
 PSYoungGen      total 5632K, used 480K [0x00000000eab00000, 0x00000000eb180000, 0x0000000100000000)
  eden space 4608K, 0% used [0x00000000eab00000,0x00000000eab00000,0x00000000eaf80000)
  from space 1024K, 46% used [0x00000000eb080000,0x00000000eb0f8000,0x00000000eb180000)
  to   space 1024K, 0% used [0x00000000eaf80000,0x00000000eaf80000,0x00000000eb080000)
 ParOldGen       total 227328K, used 202464K [0x00000000c0000000, 0x00000000cde00000, 0x00000000eab00000)
  object space 227328K, 89% used [0x00000000c0000000,0x00000000cc5b8150,0x00000000cde00000)
 Metaspace       used 107243K, committed 108608K, reserved 1179648K
  class space    used 10600K, committed 11200K, reserved 1048576K
}

Dll operation events (14 events):
Event: 0.101 Loaded shared library c:\Users\chunjae\.vscode\extensions\redhat.java-1.35.1-win32-x64\jre\17.0.12-win32-x86_64\bin\java.dll
Event: 1.098 Loaded shared library c:\Users\chunjae\.vscode\extensions\redhat.java-1.35.1-win32-x64\jre\17.0.12-win32-x86_64\bin\zip.dll
Event: 1.132 Loaded shared library C:\Users\chunjae\.vscode\extensions\redhat.java-1.35.1-win32-x64\jre\17.0.12-win32-x86_64\bin\instrument.dll
Event: 1.261 Loaded shared library C:\Users\chunjae\.vscode\extensions\redhat.java-1.35.1-win32-x64\jre\17.0.12-win32-x86_64\bin\net.dll
Event: 1.517 Loaded shared library C:\Users\chunjae\.vscode\extensions\redhat.java-1.35.1-win32-x64\jre\17.0.12-win32-x86_64\bin\nio.dll
Event: 1.554 Loaded shared library C:\Users\chunjae\.vscode\extensions\redhat.java-1.35.1-win32-x64\jre\17.0.12-win32-x86_64\bin\zip.dll
Event: 1.711 Loaded shared library C:\Users\chunjae\.vscode\extensions\redhat.java-1.35.1-win32-x64\jre\17.0.12-win32-x86_64\bin\jimage.dll
Event: 2.070 Loaded shared library c:\Users\chunjae\.vscode\extensions\redhat.java-1.35.1-win32-x64\jre\17.0.12-win32-x86_64\bin\verify.dll
Event: 12.300 Loaded shared library C:\Users\chunjae\AppData\Roaming\Code\User\globalStorage\redhat.java\1.35.1\config_win\org.eclipse.equinox.launcher\org.eclipse.equinox.launcher.win32.win32.x86_64_1.2.1100.v20240722-2106\eclipse_11904.dll
Event: 25.330 Loaded shared library C:\Users\chunjae\.vscode\extensions\redhat.java-1.35.1-win32-x64\jre\17.0.12-win32-x86_64\bin\management.dll
Event: 25.347 Loaded shared library C:\Users\chunjae\.vscode\extensions\redhat.java-1.35.1-win32-x64\jre\17.0.12-win32-x86_64\bin\management_ext.dll
Event: 41.909 Loaded shared library C:\Users\chunjae\AppData\Local\Temp\jna-757416848\jna12936765831830669417.dll
Event: 44.006 Loaded shared library C:\Users\chunjae\.vscode\extensions\redhat.java-1.35.1-win32-x64\jre\17.0.12-win32-x86_64\bin\sunmscapi.dll
Event: 44.922 Loaded shared library C:\Users\chunjae\.vscode\extensions\redhat.java-1.35.1-win32-x64\jre\17.0.12-win32-x86_64\bin\extnet.dll

Deoptimization events (20 events):
Event: 190428.214 Thread 0x000001f54ae20c50 Uncommon trap: trap_request=0xffffff45 fr.pc=0x000001f53a76cf10 relative=0x0000000000000730
Event: 190428.214 Thread 0x000001f54ae20c50 Uncommon trap: reason=unstable_if action=reinterpret pc=0x000001f53a76cf10 method=org.eclipse.core.internal.dtree.AbstractDataTreeNode.compareWith([Lorg/eclipse/core/internal/dtree/AbstractDataTreeNode;[Lorg/eclipse/core/internal/dtree/AbstractDataTreeNod
Event: 190428.214 Thread 0x000001f54ae20c50 DEOPT PACKING pc=0x000001f53a76cf10 sp=0x0000005a41afed20
Event: 190428.214 Thread 0x000001f54ae20c50 DEOPT UNPACKING pc=0x000001f5399f66a3 sp=0x0000005a41afeca0 mode 2
Event: 190429.694 Thread 0x000001f54ba22b50 Uncommon trap: trap_request=0xffffffbe fr.pc=0x000001f53a8aa278 relative=0x0000000000001578
Event: 190429.694 Thread 0x000001f54ba22b50 Uncommon trap: reason=profile_predicate action=maybe_recompile pc=0x000001f53a8aa278 method=com.microsoft.java.builder.jdtbuilder.JavaBuilder.hasClasspathChanged(Lorg/eclipse/jdt/internal/core/CompilationGroup;)Z @ 190 c2
Event: 190429.694 Thread 0x000001f54ba22b50 DEOPT PACKING pc=0x000001f53a8aa278 sp=0x0000005a3f2fe960
Event: 190429.694 Thread 0x000001f54ba22b50 DEOPT UNPACKING pc=0x000001f5399f66a3 sp=0x0000005a3f2fe908 mode 2
Event: 190429.718 Thread 0x000001f54ba22b50 Uncommon trap: trap_request=0xffffffbe fr.pc=0x000001f53a8aa114 relative=0x0000000000001414
Event: 190429.718 Thread 0x000001f54ba22b50 Uncommon trap: reason=profile_predicate action=maybe_recompile pc=0x000001f53a8aa114 method=com.microsoft.java.builder.jdtbuilder.JavaBuilder.hasClasspathChanged(Lorg/eclipse/jdt/internal/core/CompilationGroup;)Z @ 466 c2
Event: 190429.718 Thread 0x000001f54ba22b50 DEOPT PACKING pc=0x000001f53a8aa114 sp=0x0000005a3f2fe960
Event: 190429.718 Thread 0x000001f54ba22b50 DEOPT UNPACKING pc=0x000001f5399f66a3 sp=0x0000005a3f2fe908 mode 2
Event: 190439.468 Thread 0x000001f54a17cd20 Uncommon trap: trap_request=0xffffff45 fr.pc=0x000001f53b63e680 relative=0x0000000000000b60
Event: 190439.468 Thread 0x000001f54a17cd20 Uncommon trap: reason=unstable_if action=reinterpret pc=0x000001f53b63e680 method=org.eclipse.jdt.core.dom.DefaultBindingResolver.resolveImport(Lorg/eclipse/jdt/core/dom/ImportDeclaration;)Lorg/eclipse/jdt/core/dom/IBinding; @ 197 c2
Event: 190439.468 Thread 0x000001f54a17cd20 DEOPT PACKING pc=0x000001f53b63e680 sp=0x0000005a409fefb0
Event: 190439.468 Thread 0x000001f54a17cd20 DEOPT UNPACKING pc=0x000001f5399f66a3 sp=0x0000005a409fef68 mode 2
Event: 190451.083 Thread 0x000001f54ba1e470 Uncommon trap: trap_request=0xffffff45 fr.pc=0x000001f53b609fa8 relative=0x0000000000005b08
Event: 190451.083 Thread 0x000001f54ba1e470 Uncommon trap: reason=unstable_if action=reinterpret pc=0x000001f53b609fa8 method=org.eclipse.jdt.internal.compiler.lookup.UnresolvedReferenceBinding.resolve(Lorg/eclipse/jdt/internal/compiler/lookup/LookupEnvironment;Z)Lorg/eclipse/jdt/internal/compiler/
Event: 190451.083 Thread 0x000001f54ba1e470 DEOPT PACKING pc=0x000001f53b609fa8 sp=0x0000005a3f4fdf10
Event: 190451.084 Thread 0x000001f54ba1e470 DEOPT UNPACKING pc=0x000001f5399f66a3 sp=0x0000005a3f4fdea0 mode 2

Classes loaded (20 events):
Event: 3777.850 Loading class java/util/Collections$EmptyListIterator
Event: 3777.851 Loading class java/util/Collections$EmptyListIterator done
Event: 9857.995 Loading class jdk/internal/misc/ScopedMemoryAccess$Scope$Handle
Event: 9857.996 Loading class jdk/internal/misc/ScopedMemoryAccess$Scope$Handle done
Event: 11879.016 Loading class java/util/concurrent/ConcurrentHashMap$TreeNode
Event: 11879.017 Loading class java/util/concurrent/ConcurrentHashMap$TreeNode done
Event: 11879.017 Loading class java/util/concurrent/ConcurrentHashMap$TreeBin
Event: 11879.018 Loading class java/util/concurrent/ConcurrentHashMap$TreeBin done
Event: 11885.298 Loading class jdk/internal/icu/text/NormalizerBase$NFCModeImpl
Event: 11885.298 Loading class jdk/internal/icu/text/NormalizerBase$NFCModeImpl done
Event: 11885.298 Loading class jdk/internal/icu/impl/Norm2AllModes$NFCSingleton
Event: 11885.299 Loading class jdk/internal/icu/impl/Norm2AllModes$NFCSingleton done
Event: 14371.960 Loading class java/util/regex/Pattern$End
Event: 14371.962 Loading class java/util/regex/Pattern$End done
Event: 18281.962 Loading class java/lang/invoke/MethodHandleImpl$CountingWrapper$1
Event: 18281.965 Loading class java/lang/invoke/MethodHandleImpl$CountingWrapper$1 done
Event: 19037.270 Loading class javax/xml/transform/TransformerConfigurationException
Event: 19037.272 Loading class javax/xml/transform/TransformerConfigurationException done
Event: 176745.670 Loading class jdk/internal/access/JavaAWTAccess
Event: 176745.699 Loading class jdk/internal/access/JavaAWTAccess done

Classes unloaded (20 events):
Event: 165496.439 Thread 0x000001f543658b30 Unloading class 0x0000000100af4c00 'jdk/internal/reflect/GeneratedSerializationConstructorAccessor29'
Event: 166835.545 Thread 0x000001f543658b30 Unloading class 0x0000000100b00800 'jdk/internal/reflect/GeneratedConstructorAccessor168'
Event: 187717.109 Thread 0x000001f543658b30 Unloading class 0x0000000100b00000 'jdk/internal/reflect/GeneratedConstructorAccessor176'
Event: 187717.111 Thread 0x000001f543658b30 Unloading class 0x0000000100af4c00 'jdk/internal/reflect/GeneratedConstructorAccessor175'
Event: 187717.111 Thread 0x000001f543658b30 Unloading class 0x0000000100b00800 'jdk/internal/reflect/GeneratedMethodAccessor70'
Event: 187717.112 Thread 0x000001f543658b30 Unloading class 0x0000000100aea400 'jdk/internal/reflect/GeneratedSerializationConstructorAccessor35'
Event: 187717.112 Thread 0x000001f543658b30 Unloading class 0x0000000100ae0800 'jdk/internal/reflect/GeneratedSerializationConstructorAccessor34'
Event: 187717.112 Thread 0x000001f543658b30 Unloading class 0x0000000100199000 'jdk/internal/reflect/GeneratedSerializationConstructorAccessor33'
Event: 187717.112 Thread 0x000001f543658b30 Unloading class 0x0000000100aeac00 'jdk/internal/reflect/GeneratedConstructorAccessor161'
Event: 187717.113 Thread 0x000001f543658b30 Unloading class 0x0000000100af1400 'jdk/internal/reflect/GeneratedConstructorAccessor144'
Event: 189839.894 Thread 0x000001f543658b30 Unloading class 0x0000000100aea400 'jdk/internal/reflect/GeneratedSerializationConstructorAccessor38'
Event: 189839.895 Thread 0x000001f543658b30 Unloading class 0x0000000100b00800 'jdk/internal/reflect/GeneratedSerializationConstructorAccessor37'
Event: 189839.895 Thread 0x000001f543658b30 Unloading class 0x0000000100af4c00 'jdk/internal/reflect/GeneratedSerializationConstructorAccessor36'
Event: 189839.895 Thread 0x000001f543658b30 Unloading class 0x0000000100af4000 'jdk/internal/reflect/GeneratedConstructorAccessor174'
Event: 189839.895 Thread 0x000001f543658b30 Unloading class 0x0000000100af3800 'jdk/internal/reflect/GeneratedConstructorAccessor173'
Event: 189839.895 Thread 0x000001f543658b30 Unloading class 0x0000000100ae8c00 'jdk/internal/reflect/GeneratedConstructorAccessor172'
Event: 189839.896 Thread 0x000001f543658b30 Unloading class 0x0000000100aea800 'jdk/internal/reflect/GeneratedConstructorAccessor171'
Event: 189839.896 Thread 0x000001f543658b30 Unloading class 0x0000000100a59000 'jdk/internal/reflect/GeneratedConstructorAccessor170'
Event: 189839.896 Thread 0x000001f543658b30 Unloading class 0x0000000100af0000 'jdk/internal/reflect/GeneratedConstructorAccessor169'
Event: 189839.896 Thread 0x000001f543658b30 Unloading class 0x0000000100af2400 'jdk/internal/reflect/GeneratedConstructorAccessor142'

Classes redefined (0 events):
No events

Internal exceptions (20 events):
Event: 190348.064 Thread 0x000001f54ae1c570 Exception <a 'sun/nio/fs/WindowsException'{0x00000000eb09c600}> (0x00000000eb09c600) 
thrown [s\src\hotspot\share\prims\jni.cpp, line 516]
Event: 190349.185 Thread 0x000001f54ae1c570 Exception <a 'sun/nio/fs/WindowsException'{0x00000000eaf00c60}> (0x00000000eaf00c60) 
thrown [s\src\hotspot\share\prims\jni.cpp, line 516]
Event: 190355.832 Thread 0x000001f54ba1df60 Exception <a 'java/lang/InterruptedException'{0x00000000eb7dc880}> (0x00000000eb7dc880) 
thrown [s\src\hotspot\share\runtime\objectMonitor.cpp, line 1658]
Event: 190356.362 Thread 0x000001f54ba23f90 Exception <a 'sun/nio/fs/WindowsException'{0x00000000eb8b9ad0}> (0x00000000eb8b9ad0) 
thrown [s\src\hotspot\share\prims\jni.cpp, line 516]
Event: 190356.363 Thread 0x000001f54ba23f90 Exception <a 'sun/nio/fs/WindowsException'{0x00000000eb8b9dd8}> (0x00000000eb8b9dd8) 
thrown [s\src\hotspot\share\prims\jni.cpp, line 516]
Event: 190356.363 Thread 0x000001f54ba23f90 Exception <a 'sun/nio/fs/WindowsException'{0x00000000eb8ba670}> (0x00000000eb8ba670) 
thrown [s\src\hotspot\share\prims\jni.cpp, line 516]
Event: 190356.363 Thread 0x000001f54ba23f90 Exception <a 'sun/nio/fs/WindowsException'{0x00000000eb8ba958}> (0x00000000eb8ba958) 
thrown [s\src\hotspot\share\prims\jni.cpp, line 516]
Event: 190424.026 Thread 0x000001f54ae1c570 Exception <a 'sun/nio/fs/WindowsException'{0x00000000eac58e78}> (0x00000000eac58e78) 
thrown [s\src\hotspot\share\prims\jni.cpp, line 516]
Event: 190425.569 Thread 0x000001f54ae20c50 Exception <a 'sun/nio/fs/WindowsException'{0x00000000eaccbd28}> (0x00000000eaccbd28) 
thrown [s\src\hotspot\share\prims\jni.cpp, line 516]
Event: 190425.571 Thread 0x000001f54ae20c50 Exception <a 'sun/nio/fs/WindowsException'{0x00000000eaccc1d0}> (0x00000000eaccc1d0) 
thrown [s\src\hotspot\share\prims\jni.cpp, line 516]
Event: 190425.642 Thread 0x000001f54ae20c50 Exception <a 'sun/nio/fs/WindowsException'{0x00000000ead35ac0}> (0x00000000ead35ac0) 
thrown [s\src\hotspot\share\prims\jni.cpp, line 516]
Event: 190425.650 Thread 0x000001f54ae20c50 Exception <a 'sun/nio/fs/WindowsException'{0x00000000ead361f0}> (0x00000000ead361f0) 
thrown [s\src\hotspot\share\prims\jni.cpp, line 516]
Event: 190425.658 Thread 0x000001f54ae20c50 Implicit null exception at 0x000001f53c3187c8 to 0x000001f53c31d3f4
Event: 190428.501 Thread 0x000001f54ae1c570 Exception <a 'sun/nio/fs/WindowsException'{0x00000000ead98aa8}> (0x00000000ead98aa8) 
thrown [s\src\hotspot\share\prims\jni.cpp, line 516]
Event: 190429.628 Thread 0x000001f54ba22b50 Exception <a 'sun/nio/fs/WindowsException'{0x00000000eb0b0fd0}> (0x00000000eb0b0fd0) 
thrown [s\src\hotspot\share\prims\jni.cpp, line 516]
Event: 190429.629 Thread 0x000001f54ba22b50 Exception <a 'sun/nio/fs/WindowsException'{0x00000000eb0b16d8}> (0x00000000eb0b16d8) 
thrown [s\src\hotspot\share\prims\jni.cpp, line 516]
Event: 190429.669 Thread 0x000001f54ba22b50 Exception <a 'sun/nio/fs/WindowsException'{0x00000000eb131440}> (0x00000000eb131440) 
thrown [s\src\hotspot\share\prims\jni.cpp, line 516]
Event: 190429.670 Thread 0x000001f54ba22b50 Exception <a 'sun/nio/fs/WindowsException'{0x00000000eb131db8}> (0x00000000eb131db8) 
thrown [s\src\hotspot\share\prims\jni.cpp, line 516]
Event: 190444.339 Thread 0x000001f54ae1c570 Exception <a 'sun/nio/fs/WindowsException'{0x00000000eacf12e0}> (0x00000000eacf12e0) 
thrown [s\src\hotspot\share\prims\jni.cpp, line 516]
Event: 190446.249 Thread 0x000001f54ae1c570 Exception <a 'sun/nio/fs/WindowsException'{0x00000000eab1a930}> (0x00000000eab1a930) 
thrown [s\src\hotspot\share\prims\jni.cpp, line 516]

VM Operations (20 events):
Event: 190457.547 Executing VM operation: ParallelGCFailedAllocation
Event: 190457.550 Executing VM operation: ParallelGCFailedAllocation done
Event: 190457.573 Executing VM operation: ParallelGCFailedAllocation
Event: 190457.576 Executing VM operation: ParallelGCFailedAllocation done
Event: 190457.590 Executing VM operation: ParallelGCFailedAllocation
Event: 190457.592 Executing VM operation: ParallelGCFailedAllocation done
Event: 190457.615 Executing VM operation: ParallelGCFailedAllocation
Event: 190457.618 Executing VM operation: ParallelGCFailedAllocation done
Event: 190457.646 Executing VM operation: ParallelGCFailedAllocation
Event: 190457.648 Executing VM operation: ParallelGCFailedAllocation done
Event: 190457.665 Executing VM operation: ParallelGCFailedAllocation
Event: 190457.669 Executing VM operation: ParallelGCFailedAllocation done
Event: 190457.681 Executing VM operation: ParallelGCFailedAllocation
Event: 190457.684 Executing VM operation: ParallelGCFailedAllocation done
Event: 190457.698 Executing VM operation: ParallelGCFailedAllocation
Event: 190457.701 Executing VM operation: ParallelGCFailedAllocation done
Event: 190457.713 Executing VM operation: ParallelGCFailedAllocation
Event: 190457.715 Executing VM operation: ParallelGCFailedAllocation done
Event: 190457.817 Executing VM operation: ParallelGCFailedAllocation
Event: 190457.819 Executing VM operation: ParallelGCFailedAllocation done

Events (20 events):
Event: 190425.696 Thread 0x000001f548163a80 flushing nmethod 0x000001f53b687c90
Event: 190425.697 Thread 0x000001f548163a80 flushing nmethod 0x000001f53b7af690
Event: 190425.698 Thread 0x000001f548163a80 flushing nmethod 0x000001f53b803010
Event: 190425.699 Thread 0x000001f548163a80 flushing nmethod 0x000001f53b92a690
Event: 190425.703 Thread 0x000001f548163a80 flushing nmethod 0x000001f53bd07790
Event: 190425.705 Thread 0x000001f548163a80 flushing nmethod 0x000001f53bdf8a10
Event: 190425.708 Thread 0x000001f548163a80 flushing nmethod 0x000001f53c1a3810
Event: 190425.709 Thread 0x000001f548163a80 flushing nmethod 0x000001f53c1beb10
Event: 190425.709 Thread 0x000001f548163a80 flushing nmethod 0x000001f53c21d490
Event: 190425.710 Thread 0x000001f548163a80 flushing nmethod 0x000001f53c24b390
Event: 190425.712 Thread 0x000001f548163a80 flushing nmethod 0x000001f53c3cfe10
Event: 190425.712 Thread 0x000001f548163a80 flushing nmethod 0x000001f53c44fe10
Event: 190425.715 Thread 0x000001f548163a80 flushing nmethod 0x000001f53c601e90
Event: 190425.715 Thread 0x000001f548163a80 flushing nmethod 0x000001f53c69fd90
Event: 190425.715 Thread 0x000001f548163a80 flushing nmethod 0x000001f53c6d6a10
Event: 190425.716 Thread 0x000001f548163a80 flushing nmethod 0x000001f53c739b10
Event: 190425.716 Thread 0x000001f548163a80 flushing nmethod 0x000001f53c775190
Event: 190426.843 Thread 0x000001f54a17d740 Thread added: 0x000001f54a17d740
Event: 190427.243 Thread 0x000001f54a17aec0 Thread added: 0x000001f54a17aec0
Event: 190444.304 Thread 0x000001f54ae22fc0 Thread added: 0x000001f54ae22fc0


Dynamic libraries:
0x00007ff6fc890000 - 0x00007ff6fc89e000 	c:\Users\chunjae\.vscode\extensions\redhat.java-1.35.1-win32-x64\jre\17.0.12-win32-x86_64\bin\java.exe
0x00007ff821630000 - 0x00007ff821844000 	C:\WINDOWS\SYSTEM32\ntdll.dll
0x00007ff820020000 - 0x00007ff8200e2000 	C:\WINDOWS\System32\KERNEL32.DLL
0x00007ff81ef80000 - 0x00007ff81f31c000 	C:\WINDOWS\System32\KERNELBASE.dll
0x00007ff81ebe0000 - 0x00007ff81ecf1000 	C:\WINDOWS\System32\ucrtbase.dll
0x00007ffffd8a0000 - 0x00007ffffd8b7000 	c:\Users\chunjae\.vscode\extensions\redhat.java-1.35.1-win32-x64\jre\17.0.12-win32-x86_64\bin\jli.dll
0x00007ff8201d0000 - 0x00007ff82037b000 	C:\WINDOWS\System32\USER32.dll
0x00007ff81f3a0000 - 0x00007ff81f3c6000 	C:\WINDOWS\System32\win32u.dll
0x00007ff8212c0000 - 0x00007ff8212e9000 	C:\WINDOWS\System32\GDI32.dll
0x00007ff81ee60000 - 0x00007ff81ef73000 	C:\WINDOWS\System32\gdi32full.dll
0x00007ff81edc0000 - 0x00007ff81ee5a000 	C:\WINDOWS\System32\msvcp_win.dll
0x00007ff804270000 - 0x00007ff80428b000 	c:\Users\chunjae\.vscode\extensions\redhat.java-1.35.1-win32-x64\jre\17.0.12-win32-x86_64\bin\VCRUNTIME140.dll
0x00007ffff8860000 - 0x00007ffff8aee000 	C:\WINDOWS\WinSxS\amd64_microsoft.windows.common-controls_6595b64144ccf1df_6.0.22621.608_none_a9444ca7c10bb01d\COMCTL32.dll
0x00007ff820880000 - 0x00007ff820927000 	C:\WINDOWS\System32\msvcrt.dll
0x00007ff8215b0000 - 0x00007ff8215e1000 	C:\WINDOWS\System32\IMM32.DLL
0x00000000649f0000 - 0x0000000064ccf000 	C:\Program Files (x86)\Privacy-i\PIProtectorAPI64.dll
0x00007ff820380000 - 0x00007ff8207f4000 	C:\WINDOWS\System32\SETUPAPI.dll
0x00007ff821500000 - 0x00007ff8215ae000 	C:\WINDOWS\System32\ADVAPI32.dll
0x00007ff8200f0000 - 0x00007ff820194000 	C:\WINDOWS\System32\sechost.dll
0x00007ff81fc60000 - 0x00007ff81fd77000 	C:\WINDOWS\System32\RPCRT4.dll
0x00007ff820ad0000 - 0x00007ff8212c0000 	C:\WINDOWS\System32\SHELL32.dll
0x00007ff820930000 - 0x00007ff820acc000 	C:\WINDOWS\System32\ole32.dll
0x00007ff81f770000 - 0x00007ff81faf9000 	C:\WINDOWS\System32\combase.dll
0x00007ff81fb00000 - 0x00007ff81fbd7000 	C:\WINDOWS\System32\OLEAUT32.dll
0x00007ff820800000 - 0x00007ff820871000 	C:\WINDOWS\System32\WS2_32.dll
0x00007ff8214a0000 - 0x00007ff8214fe000 	C:\WINDOWS\System32\SHLWAPI.dll
0x00007ff81c680000 - 0x00007ff81c68a000 	C:\WINDOWS\SYSTEM32\VERSION.dll
0x00007ff808f10000 - 0x00007ff8090ff000 	C:\WINDOWS\SYSTEM32\urlmon.dll
0x00007ffffbc10000 - 0x00007ffffbcaa000 	C:\WINDOWS\SYSTEM32\WINSPOOL.DRV
0x00007ffff7d10000 - 0x00007ffff7d79000 	C:\WINDOWS\SYSTEM32\OLEACC.dll
0x00007ff80bea0000 - 0x00007ff80c150000 	C:\WINDOWS\SYSTEM32\iertutil.dll
0x00007ff80c540000 - 0x00007ff80c568000 	C:\WINDOWS\SYSTEM32\srvcli.dll
0x00007ff81d550000 - 0x00007ff81d55c000 	C:\WINDOWS\SYSTEM32\netutils.dll
0x00007ff81e780000 - 0x00007ff81e7ce000 	C:\WINDOWS\SYSTEM32\cfgmgr32.DLL
0x00007ff81dae0000 - 0x00007ff81db14000 	C:\WINDOWS\SYSTEM32\ntmarta.dll
0x00007ff81f600000 - 0x00007ff81f6f1000 	C:\WINDOWS\System32\SHCORE.dll
0x00007ff81ca30000 - 0x00007ff81d2fd000 	C:\WINDOWS\SYSTEM32\windows.storage.dll
0x00007ff81c8f0000 - 0x00007ff81ca2e000 	C:\WINDOWS\SYSTEM32\wintypes.dll
0x00007ff81e9a0000 - 0x00007ff81e9c1000 	C:\WINDOWS\SYSTEM32\profapi.dll
0x00007ff816ab0000 - 0x00007ff816abc000 	c:\Users\chunjae\.vscode\extensions\redhat.java-1.35.1-win32-x64\jre\17.0.12-win32-x86_64\bin\vcruntime140_1.dll
0x00007fffd5020000 - 0x00007fffd50ad000 	c:\Users\chunjae\.vscode\extensions\redhat.java-1.35.1-win32-x64\jre\17.0.12-win32-x86_64\bin\msvcp140.dll
0x00007fff75070000 - 0x00007fff75cda000 	c:\Users\chunjae\.vscode\extensions\redhat.java-1.35.1-win32-x64\jre\17.0.12-win32-x86_64\bin\server\jvm.dll
0x00007ff81e510000 - 0x00007ff81e55d000 	C:\WINDOWS\SYSTEM32\POWRPROF.dll
0x00007ff816920000 - 0x00007ff816954000 	C:\WINDOWS\SYSTEM32\WINMM.dll
0x00007ff81e400000 - 0x00007ff81e413000 	C:\WINDOWS\SYSTEM32\UMPDC.dll
0x00007ff81dac0000 - 0x00007ff81dad8000 	C:\WINDOWS\SYSTEM32\kernel.appcore.dll
0x00007ff80cb20000 - 0x00007ff80cb2a000 	c:\Users\chunjae\.vscode\extensions\redhat.java-1.35.1-win32-x64\jre\17.0.12-win32-x86_64\bin\jimage.dll
0x00007ff80b040000 - 0x00007ff80b26e000 	C:\WINDOWS\SYSTEM32\DBGHELP.DLL
0x00007ffff6150000 - 0x00007ffff6182000 	C:\WINDOWS\SYSTEM32\dbgcore.DLL
0x000001f52ef10000 - 0x000001f52ef8b000 	C:\WINDOWS\System32\bcryptPrimitives.dll
0x00007ff8094a0000 - 0x00007ff8094ae000 	c:\Users\chunjae\.vscode\extensions\redhat.java-1.35.1-win32-x64\jre\17.0.12-win32-x86_64\bin\instrument.dll
0x00007ffff13f0000 - 0x00007ffff1415000 	c:\Users\chunjae\.vscode\extensions\redhat.java-1.35.1-win32-x64\jre\17.0.12-win32-x86_64\bin\java.dll
0x00007ffffce80000 - 0x00007ffffce98000 	c:\Users\chunjae\.vscode\extensions\redhat.java-1.35.1-win32-x64\jre\17.0.12-win32-x86_64\bin\zip.dll
0x00007fffe1200000 - 0x00007fffe1219000 	C:\Users\chunjae\.vscode\extensions\redhat.java-1.35.1-win32-x64\jre\17.0.12-win32-x86_64\bin\net.dll
0x00007ff816280000 - 0x00007ff8163b7000 	C:\WINDOWS\SYSTEM32\WINHTTP.dll
0x00007ff81df30000 - 0x00007ff81df99000 	C:\WINDOWS\system32\mswsock.dll
0x00007fffe0d40000 - 0x00007fffe0d56000 	C:\Users\chunjae\.vscode\extensions\redhat.java-1.35.1-win32-x64\jre\17.0.12-win32-x86_64\bin\nio.dll
0x00007ff8093d0000 - 0x00007ff8093e0000 	c:\Users\chunjae\.vscode\extensions\redhat.java-1.35.1-win32-x64\jre\17.0.12-win32-x86_64\bin\verify.dll
0x00007fffd5700000 - 0x00007fffd5745000 	C:\Users\chunjae\AppData\Roaming\Code\User\globalStorage\redhat.java\1.35.1\config_win\org.eclipse.equinox.launcher\org.eclipse.equinox.launcher.win32.win32.x86_64_1.2.1100.v20240722-2106\eclipse_11904.dll
0x00007ff80caf0000 - 0x00007ff80caf9000 	C:\Users\chunjae\.vscode\extensions\redhat.java-1.35.1-win32-x64\jre\17.0.12-win32-x86_64\bin\management.dll
0x00007ff8097c0000 - 0x00007ff8097cb000 	C:\Users\chunjae\.vscode\extensions\redhat.java-1.35.1-win32-x64\jre\17.0.12-win32-x86_64\bin\management_ext.dll
0x00007ff81f570000 - 0x00007ff81f578000 	C:\WINDOWS\System32\PSAPI.DLL
0x00007ff81e200000 - 0x00007ff81e21b000 	C:\WINDOWS\SYSTEM32\CRYPTSP.dll
0x00007ff81da10000 - 0x00007ff81da45000 	C:\WINDOWS\system32\rsaenh.dll
0x00007ff81e0a0000 - 0x00007ff81e0c8000 	C:\WINDOWS\SYSTEM32\USERENV.dll
0x00007ff81e3d0000 - 0x00007ff81e3f8000 	C:\WINDOWS\SYSTEM32\bcrypt.dll
0x00007ff81e220000 - 0x00007ff81e22c000 	C:\WINDOWS\SYSTEM32\CRYPTBASE.dll
0x00007ff81d560000 - 0x00007ff81d58d000 	C:\WINDOWS\SYSTEM32\IPHLPAPI.DLL
0x00007ff81f760000 - 0x00007ff81f769000 	C:\WINDOWS\System32\NSI.dll
0x00007ff816760000 - 0x00007ff816779000 	C:\WINDOWS\SYSTEM32\dhcpcsvc6.DLL
0x00007ff816740000 - 0x00007ff81675f000 	C:\WINDOWS\SYSTEM32\dhcpcsvc.DLL
0x00007ff81d5d0000 - 0x00007ff81d6c3000 	C:\WINDOWS\SYSTEM32\DNSAPI.dll
0x00007fffd1ab0000 - 0x00007fffd1af9000 	C:\Users\chunjae\AppData\Local\Temp\jna-757416848\jna12936765831830669417.dll
0x00007ff809700000 - 0x00007ff80970e000 	C:\Users\chunjae\.vscode\extensions\redhat.java-1.35.1-win32-x64\jre\17.0.12-win32-x86_64\bin\sunmscapi.dll
0x00007ff81ea70000 - 0x00007ff81ebd6000 	C:\WINDOWS\System32\CRYPT32.dll
0x00007ff81e390000 - 0x00007ff81e3be000 	C:\WINDOWS\SYSTEM32\ncrypt.dll
0x00007ff81e350000 - 0x00007ff81e387000 	C:\WINDOWS\SYSTEM32\NTASN1.dll
0x00007ff813240000 - 0x00007ff81324a000 	C:\Windows\System32\rasadhlp.dll
0x00007ff813090000 - 0x00007ff813113000 	C:\WINDOWS\System32\fwpuclnt.dll
0x00007ff809580000 - 0x00007ff809589000 	C:\Users\chunjae\.vscode\extensions\redhat.java-1.35.1-win32-x64\jre\17.0.12-win32-x86_64\bin\extnet.dll

dbghelp: loaded successfully - version: 4.0.5 - missing functions: none
symbol engine: initialized successfully - sym options: 0x614 - pdb path: .;c:\Users\chunjae\.vscode\extensions\redhat.java-1.35.1-win32-x64\jre\17.0.12-win32-x86_64\bin;C:\WINDOWS\SYSTEM32;C:\WINDOWS\WinSxS\amd64_microsoft.windows.common-controls_6595b64144ccf1df_6.0.22621.608_none_a9444ca7c10bb01d;C:\Program Files (x86)\Privacy-i;c:\Users\chunjae\.vscode\extensions\redhat.java-1.35.1-win32-x64\jre\17.0.12-win32-x86_64\bin\server;C:\Users\chunjae\AppData\Roaming\Code\User\globalStorage\redhat.java\1.35.1\config_win\org.eclipse.equinox.launcher\org.eclipse.equinox.launcher.win32.win32.x86_64_1.2.1100.v20240722-2106;C:\Users\chunjae\AppData\Local\Temp\jna-757416848

VM Arguments:
jvm_args: --add-modules=ALL-SYSTEM --add-opens=java.base/java.util=ALL-UNNAMED --add-opens=java.base/java.lang=ALL-UNNAMED --add-opens=java.base/sun.nio.fs=ALL-UNNAMED -Declipse.application=org.eclipse.jdt.ls.core.id1 -Dosgi.bundles.defaultStartLevel=4 -Declipse.product=org.eclipse.jdt.ls.core.product -Djava.import.generatesMetadataFilesAtProjectRoot=false -DDetectVMInstallationsJob.disabled=true -Dfile.encoding=utf8 -XX:+UseParallelGC -XX:GCTimeRatio=4 -XX:AdaptiveSizePolicyWeight=90 -Dsun.zip.disableMemoryMapping=true -Xmx1G -Xms100m -Xlog:disable -javaagent:c:\Users\chunjae\.vscode\extensions\redhat.java-1.35.1-win32-x64\lombok\lombok-1.18.33.jar -XX:+HeapDumpOnOutOfMemoryError -XX:HeapDumpPath=c:\Users\chunjae\AppData\Roaming\Code\User\workspaceStorage\f77d798347c1091f6563b21eeae9fd79\redhat.java -Daether.dependencyCollector.impl=bf 
java_command: c:\Users\chunjae\.vscode\extensions\redhat.java-1.35.1-win32-x64\server\plugins\org.eclipse.equinox.launcher_1.6.900.v20240613-2009.jar -configuration c:\Users\chunjae\AppData\Roaming\Code\User\globalStorage\redhat.java\1.35.1\config_win -data c:\Users\chunjae\AppData\Roaming\Code\User\workspaceStorage\f77d798347c1091f6563b21eeae9fd79\redhat.java\jdt_ws --pipe=\\.\pipe\lsp-cc2bd41d97af17b8bede2198cc1eac52-sock
java_class_path (initial): c:\Users\chunjae\.vscode\extensions\redhat.java-1.35.1-win32-x64\server\plugins\org.eclipse.equinox.launcher_1.6.900.v20240613-2009.jar
Launcher Type: SUN_STANDARD

[Global flags]
    uintx AdaptiveSizePolicyWeight                 = 90                                        {product} {command line}
     intx CICompilerCount                          = 4                                         {product} {ergonomic}
    uintx GCTimeRatio                              = 4                                         {product} {command line}
     bool HeapDumpOnOutOfMemoryError               = true                                   {manageable} {command line}
    ccstr HeapDumpPath                             = c:\Users\chunjae\AppData\Roaming\Code\User\workspaceStorage\f77d798347c1091f6563b21eeae9fd79\redhat.java         {manageable} {command line}
   size_t InitialHeapSize                          = 104857600                                 {product} {command line}
   size_t MaxHeapSize                              = 1073741824                                {product} {command line}
   size_t MaxNewSize                               = 357564416                                 {product} {ergonomic}
   size_t MinHeapDeltaBytes                        = 524288                                    {product} {ergonomic}
   size_t MinHeapSize                              = 104857600                                 {product} {command line}
   size_t NewSize                                  = 34603008                                  {product} {ergonomic}
    uintx NonNMethodCodeHeapSize                   = 5839372                                {pd product} {ergonomic}
    uintx NonProfiledCodeHeapSize                  = 122909434                              {pd product} {ergonomic}
   size_t OldSize                                  = 70254592                                  {product} {ergonomic}
    uintx ProfiledCodeHeapSize                     = 122909434                              {pd product} {ergonomic}
    uintx ReservedCodeCacheSize                    = 251658240                              {pd product} {ergonomic}
     bool SegmentedCodeCache                       = true                                      {product} {ergonomic}
   size_t SoftMaxHeapSize                          = 1073741824                             {manageable} {ergonomic}
     bool UseCompressedClassPointers               = true                           {product lp64_product} {ergonomic}
     bool UseCompressedOops                        = true                           {product lp64_product} {ergonomic}
     bool UseLargePagesIndividualAllocation        = false                                  {pd product} {ergonomic}
     bool UseParallelGC                            = true                                      {product} {command line}

Logging:
Log output configuration:
 #0: stdout all=off uptime,level,tags
 #1: stderr all=off uptime,level,tags

Environment Variables:
JAVA_HOME=C:\Program Files\Java\jdk-21
CLASSPATH=C:\Program Files\Java\jdk-21\lib
PATH=C:\Program Files\Java\jdk-21\bin;C:\Program Files\Common Files\Oracle\Java\javapath;C:\WINDOWS\system32;C:\WINDOWS;C:\WINDOWS\System32\Wbem;C:\WINDOWS\System32\WindowsPowerShell\v1.0\;C:\WINDOWS\System32\OpenSSH\;C:\Program Files\Git\cmd;C:\tools\gradle-8.8\bin;C:\Users\chunjae\AppData\Local\Programs\Python\Python311\Scripts\;C:\Users\chunjae\AppData\Local\Programs\Python\Python311\;C:\Users\chunjae\AppData\Local\Microsoft\WindowsApps;;C:\Users\chunjae\AppData\Local\Programs\Microsoft VS Code\bin;C:\Program Files\JetBrains\IntelliJ IDEA 2024.1.4\bin;
USERNAME=chunjae
OS=Windows_NT
PROCESSOR_IDENTIFIER=AMD64 Family 23 Model 104 Stepping 1, AuthenticAMD
TMP=C:\Users\chunjae\AppData\Local\Temp
TEMP=C:\Users\chunjae\AppData\Local\Temp



Periodic native trim disabled


---------------  S Y S T E M  ---------------

OS:
 Windows 11 , 64 bit Build 22621 (10.0.22621.1485)
OS uptime: 113 days 23:44 hours
Hyper-V role detected

CPU: total 8 (initial active 8) (8 cores per cpu, 2 threads per core) family 23 model 104 stepping 1 microcode 0x0, cx8, cmov, fxsr, ht, mmx, 3dnowpref, sse, sse2, sse3, ssse3, sse4a, sse4.1, sse4.2, popcnt, lzcnt, tsc, tscinvbit, avx, avx2, aes, clmul, bmi1, bmi2, adx, sha, fma, vzeroupper, clflush, clflushopt, hv
Processor Information for processor 0
  Max Mhz: 2600, Current Mhz: 2600, Mhz Limit: 2600
Processor Information for processor 1
  Max Mhz: 2600, Current Mhz: 2600, Mhz Limit: 2600
Processor Information for processor 2
  Max Mhz: 2600, Current Mhz: 2600, Mhz Limit: 2600
Processor Information for processor 3
  Max Mhz: 2600, Current Mhz: 2600, Mhz Limit: 2600
Processor Information for processor 4
  Max Mhz: 2600, Current Mhz: 2600, Mhz Limit: 2600
Processor Information for processor 5
  Max Mhz: 2600, Current Mhz: 2080, Mhz Limit: 2600
Processor Information for processor 6
  Max Mhz: 2600, Current Mhz: 2600, Mhz Limit: 2600
Processor Information for processor 7
  Max Mhz: 2600, Current Mhz: 2600, Mhz Limit: 2600

Memory: 4k page, system-wide physical 7488M (266M free)
TotalPageFile size 30016M (AvailPageFile size 6M)
current process WorkingSet (physical memory assigned to process): 461M, peak: 905M
current process commit charge ("private bytes"): 603M, peak: 1074M

vm_info: OpenJDK 64-Bit Server VM (17.0.12+7) for windows-amd64 JRE (17.0.12+7), built on Jul 16 2024 22:08:24 by "admin" with MS VC++ 16.10 / 16.11 (VS2019)

END.
