#
# There is insufficient memory for the Java Runtime Environment to continue.
# Native memory allocation (malloc) failed to allocate 1943216 bytes for Chunk::new
# Possible reasons:
#   The system is out of physical RAM or swap space
#   The process is running with CompressedOops enabled, and the Java Heap may be blocking the growth of the native heap
# Possible solutions:
#   Reduce memory load on the system
#   Increase physical memory or swap space
#   Check if swap backing store is full
#   Decrease Java heap size (-Xmx/-Xms)
#   Decrease number of Java threads
#   Decrease Java thread stack sizes (-Xss)
#   Set larger code cache with -XX:ReservedCodeCacheSize=
#   JVM is running with Unscaled Compressed Oops mode in which the Java heap is
#     placed in the first 4GB address space. The Java Heap base address is the
#     maximum limit for the native heap growth. Please use -XX:HeapBaseMinAddress
#     to set the Java Heap base and to place the Java Heap above 4GB virtual address.
# This output file may be truncated or incomplete.
#
#  Out of Memory Error (arena.cpp:168), pid=18184, tid=51632
#
# JRE version: Java(TM) SE Runtime Environment (21.0.3+7) (build 21.0.3+7-LTS-152)
# Java VM: Java HotSpot(TM) 64-Bit Server VM (21.0.3+7-LTS-152, mixed mode, sharing, tiered, compressed oops, compressed class ptrs, g1 gc, windows-amd64)
# No core dump will be written. Minidumps are not enabled by default on client versions of Windows
#

---------------  S U M M A R Y ------------

Command Line: -ea -XX:+ShowCodeDetailsInExceptionMessages -Dfile.encoding=UTF-8 org.eclipse.jdt.internal.junit.runner.RemoteTestRunner -version 3 -port 53517 -testLoaderClass org.eclipse.jdt.internal.junit5.runner.JUnit5TestLoader -loaderpluginname org.eclipse.jdt.junit5.runtime -test com.project.servey.ServeyQuerydslTest:testSelectServeyFilteredList

Host: AMD Ryzen 3 5300U with Radeon Graphics         , 8 cores, 7G,  Windows 11 , 64 bit Build 22621 (10.0.22621.1485)
Time: Fri Nov  1 15:46:50 2024  Windows 11 , 64 bit Build 22621 (10.0.22621.1485) elapsed time: 23.914605 seconds (0d 0h 0m 23s)

---------------  T H R E A D  ---------------

Current thread (0x000001b545047500):  JavaThread "C2 CompilerThread0" daemon [_thread_in_native, id=51632, stack(0x000000a242500000,0x000000a242600000) (1024K)]


Current CompileTask:
C2:  23914 6247       4       org.springframework.core.ResolvableType::hasGenerics (14 bytes)

Stack: [0x000000a242500000,0x000000a242600000]
Native frames: (J=compiled Java code, j=interpreted, Vv=VM code, C=native code)
V  [jvm.dll+0x6c63b9]
V  [jvm.dll+0x84fa11]
V  [jvm.dll+0x851f3e]
V  [jvm.dll+0x852613]
V  [jvm.dll+0x27cd46]
V  [jvm.dll+0xc4aad]
V  [jvm.dll+0xc4fe3]
V  [jvm.dll+0x3b1d22]
V  [jvm.dll+0x37e485]
V  [jvm.dll+0x37d8fa]
V  [jvm.dll+0x245b40]
V  [jvm.dll+0x24511f]
V  [jvm.dll+0x1c689e]
V  [jvm.dll+0x254609]
V  [jvm.dll+0x252b9a]
V  [jvm.dll+0x3eb056]
V  [jvm.dll+0x7f9ffb]
V  [jvm.dll+0x6c4a9d]
C  [ucrtbase.dll+0x29363]
C  [KERNEL32.DLL+0x1269d]
C  [ntdll.dll+0x5a9f8]


---------------  P R O C E S S  ---------------

Threads class SMR info:
_java_thread_list=0x000001b54ca01d70, length=14, elements={
0x000001b564b52b60, 0x000001b545034c00, 0x000001b545035810, 0x000001b545039df0,
0x000001b54503a850, 0x000001b54503b610, 0x000001b545040950, 0x000001b545047500,
0x000001b545067fb0, 0x000001b545298d20, 0x000001b54524c3c0, 0x000001b545be8030,
0x000001b54a57d860, 0x000001b54a57e580
}

Java Threads: ( => current thread )
  0x000001b564b52b60 JavaThread "main"                              [_thread_in_native, id=73280, stack(0x000000a241700000,0x000000a241800000) (1024K)]
  0x000001b545034c00 JavaThread "Reference Handler"          daemon [_thread_blocked, id=80700, stack(0x000000a241f00000,0x000000a242000000) (1024K)]
  0x000001b545035810 JavaThread "Finalizer"                  daemon [_thread_blocked, id=60132, stack(0x000000a242000000,0x000000a242100000) (1024K)]
  0x000001b545039df0 JavaThread "Signal Dispatcher"          daemon [_thread_blocked, id=77312, stack(0x000000a242100000,0x000000a242200000) (1024K)]
  0x000001b54503a850 JavaThread "Attach Listener"            daemon [_thread_blocked, id=64952, stack(0x000000a242200000,0x000000a242300000) (1024K)]
  0x000001b54503b610 JavaThread "Service Thread"             daemon [_thread_blocked, id=82436, stack(0x000000a242300000,0x000000a242400000) (1024K)]
  0x000001b545040950 JavaThread "Monitor Deflation Thread"   daemon [_thread_blocked, id=42416, stack(0x000000a242400000,0x000000a242500000) (1024K)]
=>0x000001b545047500 JavaThread "C2 CompilerThread0"         daemon [_thread_in_native, id=51632, stack(0x000000a242500000,0x000000a242600000) (1024K)]
  0x000001b545067fb0 JavaThread "C1 CompilerThread0"         daemon [_thread_blocked, id=31764, stack(0x000000a242600000,0x000000a242700000) (1024K)]
  0x000001b545298d20 JavaThread "Notification Thread"        daemon [_thread_blocked, id=22920, stack(0x000000a242700000,0x000000a242800000) (1024K)]
  0x000001b54524c3c0 JavaThread "Common-Cleaner"             daemon [_thread_blocked, id=61920, stack(0x000000a242800000,0x000000a242900000) (1024K)]
  0x000001b545be8030 JavaThread "ReaderThread"                      [_thread_in_native, id=70608, stack(0x000000a242900000,0x000000a242a00000) (1024K)]
  0x000001b54a57d860 JavaThread "mysql-cj-abandoned-connection-cleanup" daemon [_thread_blocked, id=23856, stack(0x000000a243200000,0x000000a243300000) (1024K)]
  0x000001b54a57e580 JavaThread "HikariPool-1 housekeeper"   daemon [_thread_blocked, id=50784, stack(0x000000a243400000,0x000000a243500000) (1024K)]
Total: 14

Other Threads:
  0x000001b54501c7e0 VMThread "VM Thread"                           [id=19876, stack(0x000000a241e00000,0x000000a241f00000) (1024K)]
  0x000001b57ebedde0 WatcherThread "VM Periodic Task Thread"        [id=44832, stack(0x000000a241d00000,0x000000a241e00000) (1024K)]
  0x000001b56730e7f0 WorkerThread "GC Thread#0"                     [id=55728, stack(0x000000a241800000,0x000000a241900000) (1024K)]
  0x000001b54a3d3c50 WorkerThread "GC Thread#1"                     [id=9596, stack(0x000000a242a00000,0x000000a242b00000) (1024K)]
  0x000001b545bfd040 WorkerThread "GC Thread#2"                     [id=25532, stack(0x000000a242b00000,0x000000a242c00000) (1024K)]
  0x000001b545bfd3e0 WorkerThread "GC Thread#3"                     [id=78208, stack(0x000000a242c00000,0x000000a242d00000) (1024K)]
  0x000001b54a42fe40 WorkerThread "GC Thread#4"                     [id=67684, stack(0x000000a242d00000,0x000000a242e00000) (1024K)]
  0x000001b54a86af70 WorkerThread "GC Thread#5"                     [id=84644, stack(0x000000a242e00000,0x000000a242f00000) (1024K)]
  0x000001b54a897790 WorkerThread "GC Thread#6"                     [id=33776, stack(0x000000a242f00000,0x000000a243000000) (1024K)]
  0x000001b54a897d40 WorkerThread "GC Thread#7"                     [id=8572, stack(0x000000a243000000,0x000000a243100000) (1024K)]
  0x000001b57ea305e0 ConcurrentGCThread "G1 Main Marker"            [id=60912, stack(0x000000a241900000,0x000000a241a00000) (1024K)]
  0x000001b57ea31700 WorkerThread "G1 Conc#0"                       [id=47368, stack(0x000000a241a00000,0x000000a241b00000) (1024K)]
  0x000001b54ac093e0 WorkerThread "G1 Conc#1"                       [id=21584, stack(0x000000a243100000,0x000000a243200000) (1024K)]
  0x000001b57eac0e30 ConcurrentGCThread "G1 Refine#0"               [id=29072, stack(0x000000a241b00000,0x000000a241c00000) (1024K)]
  0x000001b57eac2260 ConcurrentGCThread "G1 Service"                [id=49652, stack(0x000000a241c00000,0x000000a241d00000) (1024K)]
Total: 15

Threads with active compile tasks:
C2 CompilerThread0    24058 6247       4       org.springframework.core.ResolvableType::hasGenerics (14 bytes)
Total: 1

VM state: not at safepoint (normal execution)

VM Mutex/Monitor currently owned by a thread: None

Heap address: 0x000000008ae00000, size: 1874 MB, Compressed Oops mode: 32-bit

CDS archive(s) mapped at: [0x000001b504000000-0x000001b504c90000-0x000001b504c90000), size 13172736, SharedBaseAddress: 0x000001b504000000, ArchiveRelocationMode: 1.
Compressed class space mapped at: 0x000001b505000000-0x000001b545000000, reserved size: 1073741824
Narrow klass base: 0x000001b504000000, Narrow klass shift: 0, Narrow klass range: 0x100000000

GC Precious Log:
 CardTable entry size: 512
 Card Set container configuration: InlinePtr #cards 5 size 8 Array Of Cards #cards 12 size 40 Howl #buckets 4 coarsen threshold 1843 Howl Bitmap #cards 512 size 80 coarsen threshold 460 Card regions per heap region 1 cards per card region 2048
 CPUs: 8 total, 8 available
 Memory: 7488M
 Large Page Support: Disabled
 NUMA Support: Disabled
 Compressed Oops: Enabled (32-bit)
 Heap Region Size: 1M
 Heap Min Capacity: 8M
 Heap Initial Capacity: 118M
 Heap Max Capacity: 1874M
 Pre-touch: Disabled
 Parallel Workers: 8
 Concurrent Workers: 2
 Concurrent Refinement Workers: 8
 Periodic GC: Disabled

Heap:
 garbage-first heap   total 75776K, used 58187K [0x000000008ae00000, 0x0000000100000000)
  region size 1024K, 26 young (26624K), 4 survivors (4096K)
 Metaspace       used 64734K, committed 65344K, reserved 1114112K
  class space    used 9000K, committed 9280K, reserved 1048576K

Heap Regions: E=young(eden), S=young(survivor), O=old, HS=humongous(starts), HC=humongous(continues), CS=collection set, F=free, TAMS=top-at-mark-start, PB=parsable bottom
|   0|0x000000008ae00000, 0x000000008af00000, 0x000000008af00000|100%|HS|  |TAMS 0x000000008ae00000| PB 0x000000008ae00000| Complete 
|   1|0x000000008af00000, 0x000000008b000000, 0x000000008b000000|100%|HS|  |TAMS 0x000000008af00000| PB 0x000000008af00000| Complete 
|   2|0x000000008b000000, 0x000000008b100000, 0x000000008b100000|100%| O|  |TAMS 0x000000008b000000| PB 0x000000008b000000| Untracked 
|   3|0x000000008b100000, 0x000000008b200000, 0x000000008b200000|100%| O|  |TAMS 0x000000008b100000| PB 0x000000008b100000| Untracked 
|   4|0x000000008b200000, 0x000000008b300000, 0x000000008b300000|100%| O|  |TAMS 0x000000008b200000| PB 0x000000008b200000| Untracked 
|   5|0x000000008b300000, 0x000000008b400000, 0x000000008b400000|100%| O|  |TAMS 0x000000008b300000| PB 0x000000008b300000| Untracked 
|   6|0x000000008b400000, 0x000000008b500000, 0x000000008b500000|100%| O|  |TAMS 0x000000008b400000| PB 0x000000008b400000| Untracked 
|   7|0x000000008b500000, 0x000000008b600000, 0x000000008b600000|100%| O|  |TAMS 0x000000008b500000| PB 0x000000008b500000| Untracked 
|   8|0x000000008b600000, 0x000000008b700000, 0x000000008b700000|100%| O|  |TAMS 0x000000008b600000| PB 0x000000008b600000| Untracked 
|   9|0x000000008b700000, 0x000000008b800000, 0x000000008b800000|100%| O|  |TAMS 0x000000008b700000| PB 0x000000008b700000| Untracked 
|  10|0x000000008b800000, 0x000000008b900000, 0x000000008b900000|100%| O|  |TAMS 0x000000008b800000| PB 0x000000008b800000| Untracked 
|  11|0x000000008b900000, 0x000000008ba00000, 0x000000008ba00000|100%| O|  |TAMS 0x000000008b900000| PB 0x000000008b900000| Untracked 
|  12|0x000000008ba00000, 0x000000008baf9390, 0x000000008bb00000| 97%| O|  |TAMS 0x000000008ba00000| PB 0x000000008ba00000| Untracked 
|  13|0x000000008bb00000, 0x000000008bc00000, 0x000000008bc00000|100%| O|  |TAMS 0x000000008bb00000| PB 0x000000008bb00000| Untracked 
|  14|0x000000008bc00000, 0x000000008bd00000, 0x000000008bd00000|100%| O|  |TAMS 0x000000008bc00000| PB 0x000000008bc00000| Untracked 
|  15|0x000000008bd00000, 0x000000008be00000, 0x000000008be00000|100%| O|  |TAMS 0x000000008bd00000| PB 0x000000008bd00000| Untracked 
|  16|0x000000008be00000, 0x000000008bf00000, 0x000000008bf00000|100%| O|  |TAMS 0x000000008be00000| PB 0x000000008be00000| Untracked 
|  17|0x000000008bf00000, 0x000000008c000000, 0x000000008c000000|100%| O|  |TAMS 0x000000008bf00000| PB 0x000000008bf00000| Untracked 
|  18|0x000000008c000000, 0x000000008c100000, 0x000000008c100000|100%| O|  |TAMS 0x000000008c000000| PB 0x000000008c000000| Untracked 
|  19|0x000000008c100000, 0x000000008c200000, 0x000000008c200000|100%| O|  |TAMS 0x000000008c100000| PB 0x000000008c100000| Untracked 
|  20|0x000000008c200000, 0x000000008c300000, 0x000000008c300000|100%| O|Cm|TAMS 0x000000008c200000| PB 0x000000008c200000| Complete 
|  21|0x000000008c300000, 0x000000008c400000, 0x000000008c400000|100%| O|  |TAMS 0x000000008c300000| PB 0x000000008c300000| Untracked 
|  22|0x000000008c400000, 0x000000008c500000, 0x000000008c500000|100%| O|  |TAMS 0x000000008c400000| PB 0x000000008c400000| Untracked 
|  23|0x000000008c500000, 0x000000008c600000, 0x000000008c600000|100%| O|  |TAMS 0x000000008c500000| PB 0x000000008c500000| Untracked 
|  24|0x000000008c600000, 0x000000008c700000, 0x000000008c700000|100%| O|  |TAMS 0x000000008c600000| PB 0x000000008c600000| Untracked 
|  25|0x000000008c700000, 0x000000008c800000, 0x000000008c800000|100%| O|  |TAMS 0x000000008c700000| PB 0x000000008c700000| Untracked 
|  26|0x000000008c800000, 0x000000008c900000, 0x000000008c900000|100%| O|  |TAMS 0x000000008c800000| PB 0x000000008c800000| Untracked 
|  27|0x000000008c900000, 0x000000008ca00000, 0x000000008ca00000|100%| O|  |TAMS 0x000000008c900000| PB 0x000000008c900000| Untracked 
|  28|0x000000008ca00000, 0x000000008ca52040, 0x000000008cb00000| 32%| O|  |TAMS 0x000000008ca00000| PB 0x000000008ca00000| Untracked 
|  29|0x000000008cb00000, 0x000000008cb00000, 0x000000008cc00000|  0%| F|  |TAMS 0x000000008cb00000| PB 0x000000008cb00000| Untracked 
|  30|0x000000008cc00000, 0x000000008cc00000, 0x000000008cd00000|  0%| F|  |TAMS 0x000000008cc00000| PB 0x000000008cc00000| Untracked 
|  31|0x000000008cd00000, 0x000000008cd00000, 0x000000008ce00000|  0%| F|  |TAMS 0x000000008cd00000| PB 0x000000008cd00000| Untracked 
|  32|0x000000008ce00000, 0x000000008ce00000, 0x000000008cf00000|  0%| F|  |TAMS 0x000000008ce00000| PB 0x000000008ce00000| Untracked 
|  33|0x000000008cf00000, 0x000000008cf87880, 0x000000008d000000| 52%| S|CS|TAMS 0x000000008cf00000| PB 0x000000008cf00000| Complete 
|  34|0x000000008d000000, 0x000000008d100000, 0x000000008d100000|100%| S|CS|TAMS 0x000000008d000000| PB 0x000000008d000000| Complete 
|  35|0x000000008d100000, 0x000000008d200000, 0x000000008d200000|100%| S|CS|TAMS 0x000000008d100000| PB 0x000000008d100000| Complete 
|  36|0x000000008d200000, 0x000000008d300000, 0x000000008d300000|100%| S|CS|TAMS 0x000000008d200000| PB 0x000000008d200000| Complete 
|  37|0x000000008d300000, 0x000000008d300000, 0x000000008d400000|  0%| F|  |TAMS 0x000000008d300000| PB 0x000000008d300000| Untracked 
|  38|0x000000008d400000, 0x000000008d400000, 0x000000008d500000|  0%| F|  |TAMS 0x000000008d400000| PB 0x000000008d400000| Untracked 
|  39|0x000000008d500000, 0x000000008d500000, 0x000000008d600000|  0%| F|  |TAMS 0x000000008d500000| PB 0x000000008d500000| Untracked 
|  40|0x000000008d600000, 0x000000008d600000, 0x000000008d700000|  0%| F|  |TAMS 0x000000008d600000| PB 0x000000008d600000| Untracked 
|  41|0x000000008d700000, 0x000000008d700000, 0x000000008d800000|  0%| F|  |TAMS 0x000000008d700000| PB 0x000000008d700000| Untracked 
|  42|0x000000008d800000, 0x000000008d800000, 0x000000008d900000|  0%| F|  |TAMS 0x000000008d800000| PB 0x000000008d800000| Untracked 
|  43|0x000000008d900000, 0x000000008d900000, 0x000000008da00000|  0%| F|  |TAMS 0x000000008d900000| PB 0x000000008d900000| Untracked 
|  44|0x000000008da00000, 0x000000008da00000, 0x000000008db00000|  0%| F|  |TAMS 0x000000008da00000| PB 0x000000008da00000| Untracked 
|  45|0x000000008db00000, 0x000000008db00000, 0x000000008dc00000|  0%| F|  |TAMS 0x000000008db00000| PB 0x000000008db00000| Untracked 
|  46|0x000000008dc00000, 0x000000008dc00000, 0x000000008dd00000|  0%| F|  |TAMS 0x000000008dc00000| PB 0x000000008dc00000| Untracked 
|  47|0x000000008dd00000, 0x000000008dd00000, 0x000000008de00000|  0%| F|  |TAMS 0x000000008dd00000| PB 0x000000008dd00000| Untracked 
|  48|0x000000008de00000, 0x000000008de80800, 0x000000008df00000| 50%| E|  |TAMS 0x000000008de00000| PB 0x000000008de00000| Complete 
|  49|0x000000008df00000, 0x000000008e000000, 0x000000008e000000|100%| E|CS|TAMS 0x000000008df00000| PB 0x000000008df00000| Complete 
|  50|0x000000008e000000, 0x000000008e100000, 0x000000008e100000|100%| E|CS|TAMS 0x000000008e000000| PB 0x000000008e000000| Complete 
|  51|0x000000008e100000, 0x000000008e200000, 0x000000008e200000|100%| E|CS|TAMS 0x000000008e100000| PB 0x000000008e100000| Complete 
|  52|0x000000008e200000, 0x000000008e300000, 0x000000008e300000|100%| E|CS|TAMS 0x000000008e200000| PB 0x000000008e200000| Complete 
|  53|0x000000008e300000, 0x000000008e400000, 0x000000008e400000|100%| E|CS|TAMS 0x000000008e300000| PB 0x000000008e300000| Complete 
|  54|0x000000008e400000, 0x000000008e500000, 0x000000008e500000|100%| E|CS|TAMS 0x000000008e400000| PB 0x000000008e400000| Complete 
|  55|0x000000008e500000, 0x000000008e600000, 0x000000008e600000|100%| E|CS|TAMS 0x000000008e500000| PB 0x000000008e500000| Complete 
|  56|0x000000008e600000, 0x000000008e700000, 0x000000008e700000|100%| E|CS|TAMS 0x000000008e600000| PB 0x000000008e600000| Complete 
|  57|0x000000008e700000, 0x000000008e800000, 0x000000008e800000|100%| E|CS|TAMS 0x000000008e700000| PB 0x000000008e700000| Complete 
|  58|0x000000008e800000, 0x000000008e900000, 0x000000008e900000|100%| E|CS|TAMS 0x000000008e800000| PB 0x000000008e800000| Complete 
|  59|0x000000008e900000, 0x000000008ea00000, 0x000000008ea00000|100%| E|CS|TAMS 0x000000008e900000| PB 0x000000008e900000| Complete 
|  60|0x000000008ea00000, 0x000000008eb00000, 0x000000008eb00000|100%| E|CS|TAMS 0x000000008ea00000| PB 0x000000008ea00000| Complete 
|  61|0x000000008eb00000, 0x000000008ec00000, 0x000000008ec00000|100%| E|CS|TAMS 0x000000008eb00000| PB 0x000000008eb00000| Complete 
|  62|0x000000008ec00000, 0x000000008ed00000, 0x000000008ed00000|100%| E|CS|TAMS 0x000000008ec00000| PB 0x000000008ec00000| Complete 
|  63|0x000000008ed00000, 0x000000008ee00000, 0x000000008ee00000|100%| E|CS|TAMS 0x000000008ed00000| PB 0x000000008ed00000| Complete 
| 102|0x0000000091400000, 0x0000000091500000, 0x0000000091500000|100%| E|CS|TAMS 0x0000000091400000| PB 0x0000000091400000| Complete 
| 103|0x0000000091500000, 0x0000000091600000, 0x0000000091600000|100%| E|CS|TAMS 0x0000000091500000| PB 0x0000000091500000| Complete 
| 104|0x0000000091600000, 0x0000000091700000, 0x0000000091700000|100%| E|CS|TAMS 0x0000000091600000| PB 0x0000000091600000| Complete 
| 105|0x0000000091700000, 0x0000000091800000, 0x0000000091800000|100%| E|CS|TAMS 0x0000000091700000| PB 0x0000000091700000| Complete 
| 106|0x0000000091800000, 0x0000000091900000, 0x0000000091900000|100%| E|CS|TAMS 0x0000000091800000| PB 0x0000000091800000| Complete 
| 117|0x0000000092300000, 0x0000000092400000, 0x0000000092400000|100%| E|CS|TAMS 0x0000000092300000| PB 0x0000000092300000| Complete 
|1870|0x00000000ffc00000, 0x00000000ffd00000, 0x00000000ffd00000|100%| O|  |TAMS 0x00000000ffc00000| PB 0x00000000ffc00000| Untracked 
|1871|0x00000000ffd00000, 0x00000000ffe00000, 0x00000000ffe00000|100%| O|  |TAMS 0x00000000ffd00000| PB 0x00000000ffd00000| Untracked 
|1872|0x00000000ffe00000, 0x00000000fff00000, 0x00000000fff00000|100%| O|  |TAMS 0x00000000ffe00000| PB 0x00000000ffe00000| Untracked 
|1873|0x00000000fff00000, 0x0000000100000000, 0x0000000100000000|100%| O|  |TAMS 0x00000000fff00000| PB 0x00000000fff00000| Untracked 

Card table byte_map: [0x000001b57efa0000,0x000001b57f350000] _byte_map_base: 0x000001b57eb49000

Marking Bits: (CMBitMap*) 0x000001b57ea21500
 Bits: [0x000001b500000000, 0x000001b501d48000)

Polling page: 0x000001b566a10000

Metaspace:

Usage:
  Non-class:     54.43 MB used.
      Class:      8.79 MB used.
       Both:     63.22 MB used.

Virtual space:
  Non-class space:       64.00 MB reserved,      54.75 MB ( 86%) committed,  1 nodes.
      Class space:        1.00 GB reserved,       9.06 MB ( <1%) committed,  1 nodes.
             Both:        1.06 GB reserved,      63.81 MB (  6%) committed. 

Chunk freelists:
   Non-Class:  8.39 MB
       Class:  6.97 MB
        Both:  15.36 MB

MaxMetaspaceSize: unlimited
CompressedClassSpaceSize: 1.00 GB
Initial GC threshold: 21.00 MB
Current GC threshold: 98.44 MB
CDS: on
 - commit_granule_bytes: 65536.
 - commit_granule_words: 8192.
 - virtual_space_node_default_size: 8388608.
 - enlarge_chunks_in_place: 1.
 - use_allocation_guard: 0.


Internal statistics:

num_allocs_failed_limit: 9.
num_arena_births: 930.
num_arena_deaths: 0.
num_vsnodes_births: 2.
num_vsnodes_deaths: 0.
num_space_committed: 1021.
num_space_uncommitted: 0.
num_chunks_returned_to_freelist: 9.
num_chunks_taken_from_freelist: 3371.
num_chunk_merges: 6.
num_chunk_splits: 2381.
num_chunks_enlarged: 1851.
num_inconsistent_stats: 0.

CodeHeap 'non-profiled nmethods': size=120000Kb used=3330Kb max_used=3330Kb free=116669Kb
 bounds [0x000001b577190000, 0x000001b5774e0000, 0x000001b57e6c0000]
CodeHeap 'profiled nmethods': size=120000Kb used=10676Kb max_used=10755Kb free=109323Kb
 bounds [0x000001b56f6c0000, 0x000001b570150000, 0x000001b576bf0000]
CodeHeap 'non-nmethods': size=5760Kb used=1655Kb max_used=1709Kb free=4104Kb
 bounds [0x000001b576bf0000, 0x000001b576e60000, 0x000001b577190000]
 total_blobs=6314 nmethods=5619 adapters=599
 compilation: enabled
              stopped_count=0, restarted_count=0
 full_count=0

Compilation events (20 events):
Event: 23.310 Thread 0x000001b545047500 nmethod 6047 0x000001b5774c7e90 code [0x000001b5774c8020, 0x000001b5774c8108]
Event: 23.311 Thread 0x000001b545047500 6151       4       org.springframework.core.MethodClassKey::hashCode (30 bytes)
Event: 23.316 Thread 0x000001b545047500 nmethod 6151 0x000001b5774c8210 code [0x000001b5774c8400, 0x000001b5774c8748]
Event: 23.316 Thread 0x000001b545047500 6084       4       org.springframework.aop.support.MethodMatchers$UnionMethodMatcher::matches (50 bytes)
Event: 23.393 Thread 0x000001b545047500 nmethod 6084 0x000001b5774c8a10 code [0x000001b5774c8d60, 0x000001b5774ca158]
Event: 23.394 Thread 0x000001b545047500 6101       4       org.springframework.aop.support.MethodMatchers$ClassFilterAwareUnionMethodMatcher::matchesClass1 (11 bytes)
Event: 23.403 Thread 0x000001b545047500 nmethod 6101 0x000001b5774cb410 code [0x000001b5774cb5e0, 0x000001b5774cb8f8]
Event: 23.404 Thread 0x000001b545047500 6114       4       org.springframework.aop.support.annotation.AnnotationMethodMatcher::matches (44 bytes)
Event: 23.445 Thread 0x000001b545047500 nmethod 6114 0x000001b5774cbc90 code [0x000001b5774cbf60, 0x000001b5774ccea8]
Event: 23.446 Thread 0x000001b545047500 6115       4       org.springframework.aop.support.MethodMatchers$ClassFilterAwareUnionMethodMatcher::matchesClass2 (11 bytes)
Event: 23.447 Thread 0x000001b545047500 nmethod 6115 0x000001b5774cdb10 code [0x000001b5774cdcc0, 0x000001b5774cdde0]
Event: 23.447 Thread 0x000001b545047500 6239       4       java.util.concurrent.CopyOnWriteArrayList$COWIterator::hasNext (18 bytes)
Event: 23.449 Thread 0x000001b545047500 nmethod 6239 0x000001b5774cdf10 code [0x000001b5774ce0a0, 0x000001b5774ce158]
Event: 23.449 Thread 0x000001b545047500 6232       4       java.lang.reflect.Method::getAnnotation (6 bytes)
Event: 23.462 Thread 0x000001b545047500 nmethod 6232 0x000001b5774ce210 code [0x000001b5774ce440, 0x000001b5774ced18]
Event: 23.463 Thread 0x000001b545047500 5310       4       java.util.concurrent.ConcurrentHashMap::isEmpty (15 bytes)
Event: 23.465 Thread 0x000001b545047500 nmethod 5310 0x000001b5774cf290 code [0x000001b5774cf420, 0x000001b5774cf540]
Event: 23.465 Thread 0x000001b545047500 5306       4       org.springframework.aop.framework.autoproxy.AbstractAutoProxyCreator::predictBeanType (35 bytes)
Event: 23.492 Thread 0x000001b545047500 nmethod 5306 0x000001b5774cf610 code [0x000001b5774cf860, 0x000001b5774d01f8]
Event: 23.492 Thread 0x000001b545047500 6247       4       org.springframework.core.ResolvableType::hasGenerics (14 bytes)

GC Heap History (20 events):
Event: 7.004 GC heap before
{Heap before GC invocations=2 (full 0):
 garbage-first heap   total 120832K, used 57555K [0x000000008ae00000, 0x0000000100000000)
  region size 1024K, 46 young (47104K), 2 survivors (2048K)
 Metaspace       used 19550K, committed 19904K, reserved 1114112K
  class space    used 2499K, committed 2688K, reserved 1048576K
}
Event: 7.011 GC heap after
{Heap after GC invocations=3 (full 0):
 garbage-first heap   total 120832K, used 16569K [0x000000008ae00000, 0x0000000100000000)
  region size 1024K, 5 young (5120K), 5 survivors (5120K)
 Metaspace       used 19550K, committed 19904K, reserved 1114112K
  class space    used 2499K, committed 2688K, reserved 1048576K
}
Event: 7.789 GC heap before
{Heap before GC invocations=3 (full 0):
 garbage-first heap   total 120832K, used 26809K [0x000000008ae00000, 0x0000000100000000)
  region size 1024K, 16 young (16384K), 5 survivors (5120K)
 Metaspace       used 21199K, committed 21504K, reserved 1114112K
  class space    used 2701K, committed 2880K, reserved 1048576K
}
Event: 7.797 GC heap after
{Heap after GC invocations=4 (full 0):
 garbage-first heap   total 120832K, used 18365K [0x000000008ae00000, 0x0000000100000000)
  region size 1024K, 5 young (5120K), 5 survivors (5120K)
 Metaspace       used 21199K, committed 21504K, reserved 1114112K
  class space    used 2701K, committed 2880K, reserved 1048576K
}
Event: 10.739 GC heap before
{Heap before GC invocations=5 (full 0):
 garbage-first heap   total 65536K, used 65469K [0x000000008ae00000, 0x0000000100000000)
  region size 1024K, 51 young (52224K), 5 survivors (5120K)
 Metaspace       used 26006K, committed 26432K, reserved 1114112K
  class space    used 3352K, committed 3520K, reserved 1048576K
}
Event: 10.750 GC heap after
{Heap after GC invocations=6 (full 0):
 garbage-first heap   total 75776K, used 21979K [0x000000008ae00000, 0x0000000100000000)
  region size 1024K, 6 young (6144K), 6 survivors (6144K)
 Metaspace       used 26006K, committed 26432K, reserved 1114112K
  class space    used 3352K, committed 3520K, reserved 1048576K
}
Event: 12.850 GC heap before
{Heap before GC invocations=6 (full 0):
 garbage-first heap   total 75776K, used 57819K [0x000000008ae00000, 0x0000000100000000)
  region size 1024K, 41 young (41984K), 6 survivors (6144K)
 Metaspace       used 32093K, committed 32640K, reserved 1114112K
  class space    used 4229K, committed 4480K, reserved 1048576K
}
Event: 12.860 GC heap after
{Heap after GC invocations=7 (full 0):
 garbage-first heap   total 75776K, used 24810K [0x000000008ae00000, 0x0000000100000000)
  region size 1024K, 3 young (3072K), 3 survivors (3072K)
 Metaspace       used 32093K, committed 32640K, reserved 1114112K
  class space    used 4229K, committed 4480K, reserved 1048576K
}
Event: 14.019 GC heap before
{Heap before GC invocations=7 (full 0):
 garbage-first heap   total 75776K, used 39146K [0x000000008ae00000, 0x0000000100000000)
  region size 1024K, 18 young (18432K), 3 survivors (3072K)
 Metaspace       used 35563K, committed 36096K, reserved 1114112K
  class space    used 4812K, committed 5056K, reserved 1048576K
}
Event: 14.025 GC heap after
{Heap after GC invocations=8 (full 0):
 garbage-first heap   total 75776K, used 25771K [0x000000008ae00000, 0x0000000100000000)
  region size 1024K, 1 young (1024K), 1 survivors (1024K)
 Metaspace       used 35563K, committed 36096K, reserved 1114112K
  class space    used 4812K, committed 5056K, reserved 1048576K
}
Event: 16.147 GC heap before
{Heap before GC invocations=9 (full 0):
 garbage-first heap   total 75776K, used 62635K [0x000000008ae00000, 0x0000000100000000)
  region size 1024K, 37 young (37888K), 1 survivors (1024K)
 Metaspace       used 44427K, committed 44992K, reserved 1114112K
  class space    used 5971K, committed 6208K, reserved 1048576K
}
Event: 16.154 GC heap after
{Heap after GC invocations=10 (full 0):
 garbage-first heap   total 75776K, used 29052K [0x000000008ae00000, 0x0000000100000000)
  region size 1024K, 4 young (4096K), 4 survivors (4096K)
 Metaspace       used 44427K, committed 44992K, reserved 1114112K
  class space    used 5971K, committed 6208K, reserved 1048576K
}
Event: 17.960 GC heap before
{Heap before GC invocations=10 (full 0):
 garbage-first heap   total 75776K, used 62844K [0x000000008ae00000, 0x0000000100000000)
  region size 1024K, 38 young (38912K), 4 survivors (4096K)
 Metaspace       used 53617K, committed 54144K, reserved 1114112K
  class space    used 7407K, committed 7616K, reserved 1048576K
}
Event: 17.968 GC heap after
{Heap after GC invocations=11 (full 0):
 garbage-first heap   total 75776K, used 30672K [0x000000008ae00000, 0x0000000100000000)
  region size 1024K, 2 young (2048K), 2 survivors (2048K)
 Metaspace       used 53617K, committed 54144K, reserved 1114112K
  class space    used 7407K, committed 7616K, reserved 1048576K
}
Event: 19.285 GC heap before
{Heap before GC invocations=11 (full 0):
 garbage-first heap   total 75776K, used 65488K [0x000000008ae00000, 0x0000000100000000)
  region size 1024K, 36 young (36864K), 2 survivors (2048K)
 Metaspace       used 58653K, committed 59328K, reserved 1114112K
  class space    used 8055K, committed 8384K, reserved 1048576K
}
Event: 19.294 GC heap after
{Heap after GC invocations=12 (full 0):
 garbage-first heap   total 75776K, used 33138K [0x000000008ae00000, 0x0000000100000000)
  region size 1024K, 5 young (5120K), 5 survivors (5120K)
 Metaspace       used 58653K, committed 59328K, reserved 1114112K
  class space    used 8055K, committed 8384K, reserved 1048576K
}
Event: 19.850 GC heap before
{Heap before GC invocations=12 (full 0):
 garbage-first heap   total 75776K, used 43378K [0x000000008ae00000, 0x0000000100000000)
  region size 1024K, 16 young (16384K), 5 survivors (5120K)
 Metaspace       used 59822K, committed 60416K, reserved 1114112K
  class space    used 8217K, committed 8512K, reserved 1048576K
}
Event: 19.857 GC heap after
{Heap after GC invocations=13 (full 0):
 garbage-first heap   total 75776K, used 33925K [0x000000008ae00000, 0x0000000100000000)
  region size 1024K, 1 young (1024K), 1 survivors (1024K)
 Metaspace       used 59822K, committed 60416K, reserved 1114112K
  class space    used 8217K, committed 8512K, reserved 1048576K
}
Event: 21.049 GC heap before
{Heap before GC invocations=14 (full 0):
 garbage-first heap   total 75776K, used 66693K [0x000000008ae00000, 0x0000000100000000)
  region size 1024K, 33 young (33792K), 1 survivors (1024K)
 Metaspace       used 62491K, committed 63168K, reserved 1114112K
  class space    used 8676K, committed 8960K, reserved 1048576K
}
Event: 21.056 GC heap after
{Heap after GC invocations=15 (full 0):
 garbage-first heap   total 75776K, used 36683K [0x000000008ae00000, 0x0000000100000000)
  region size 1024K, 4 young (4096K), 4 survivors (4096K)
 Metaspace       used 62491K, committed 63168K, reserved 1114112K
  class space    used 8676K, committed 8960K, reserved 1048576K
}

Dll operation events (11 events):
Event: 0.081 Loaded shared library C:\Program Files\Java\jdk-21\bin\java.dll
Event: 0.183 Loaded shared library C:\Program Files\Java\jdk-21\bin\jsvml.dll
Event: 1.191 Loaded shared library C:\Program Files\Java\jdk-21\bin\net.dll
Event: 1.208 Loaded shared library C:\Program Files\Java\jdk-21\bin\nio.dll
Event: 1.229 Loaded shared library C:\Program Files\Java\jdk-21\bin\zip.dll
Event: 2.265 Loaded shared library C:\Program Files\Java\jdk-21\bin\jimage.dll
Event: 2.370 Loaded shared library C:\Program Files\Java\jdk-21\bin\extnet.dll
Event: 6.314 Loaded shared library C:\Program Files\Java\jdk-21\bin\verify.dll
Event: 7.374 Loaded shared library C:\Program Files\Java\jdk-21\bin\sunmscapi.dll
Event: 21.960 Loaded shared library C:\Program Files\Java\jdk-21\bin\management.dll
Event: 21.976 Loaded shared library C:\Program Files\Java\jdk-21\bin\management_ext.dll

Deoptimization events (20 events):
Event: 22.054 Thread 0x000001b564b52b60 Uncommon trap: trap_request=0xffffffde fr.pc=0x000001b5772c5f00 relative=0x0000000000000b60
Event: 22.054 Thread 0x000001b564b52b60 Uncommon trap: reason=class_check action=maybe_recompile pc=0x000001b5772c5f00 method=org.springframework.core.annotation.AnnotationsScanner.processClassHierarchy(Ljava/lang/Object;[ILjava/lang/Class;Lorg/springframework/core/annotation/AnnotationsProcess
Event: 22.054 Thread 0x000001b564b52b60 DEOPT PACKING pc=0x000001b5772c5f00 sp=0x000000a2417fc730
Event: 22.054 Thread 0x000001b564b52b60 DEOPT UNPACKING pc=0x000001b576c446a2 sp=0x000000a2417fc700 mode 2
Event: 22.087 Thread 0x000001b564b52b60 Uncommon trap: trap_request=0xffffffde fr.pc=0x000001b5772c5f00 relative=0x0000000000000b60
Event: 22.087 Thread 0x000001b564b52b60 Uncommon trap: reason=class_check action=maybe_recompile pc=0x000001b5772c5f00 method=org.springframework.core.annotation.AnnotationsScanner.processClassHierarchy(Ljava/lang/Object;[ILjava/lang/Class;Lorg/springframework/core/annotation/AnnotationsProcess
Event: 22.087 Thread 0x000001b564b52b60 DEOPT PACKING pc=0x000001b5772c5f00 sp=0x000000a2417fcef0
Event: 22.087 Thread 0x000001b564b52b60 DEOPT UNPACKING pc=0x000001b576c446a2 sp=0x000000a2417fcec0 mode 2
Event: 22.090 Thread 0x000001b564b52b60 Uncommon trap: trap_request=0xffffffde fr.pc=0x000001b5772c5f00 relative=0x0000000000000b60
Event: 22.090 Thread 0x000001b564b52b60 Uncommon trap: reason=class_check action=maybe_recompile pc=0x000001b5772c5f00 method=org.springframework.core.annotation.AnnotationsScanner.processClassHierarchy(Ljava/lang/Object;[ILjava/lang/Class;Lorg/springframework/core/annotation/AnnotationsProcess
Event: 22.090 Thread 0x000001b564b52b60 DEOPT PACKING pc=0x000001b5772c5f00 sp=0x000000a2417fce50
Event: 22.090 Thread 0x000001b564b52b60 DEOPT UNPACKING pc=0x000001b576c446a2 sp=0x000000a2417fce20 mode 2
Event: 22.236 Thread 0x000001b564b52b60 Uncommon trap: trap_request=0xffffffde fr.pc=0x000001b57728c2f0 relative=0x0000000000001950
Event: 22.236 Thread 0x000001b564b52b60 Uncommon trap: reason=class_check action=maybe_recompile pc=0x000001b57728c2f0 method=java.util.zip.InflaterInputStream.read([BII)I @ 78 c2
Event: 22.236 Thread 0x000001b564b52b60 DEOPT PACKING pc=0x000001b57728c2f0 sp=0x000000a2417f9e50
Event: 22.236 Thread 0x000001b564b52b60 DEOPT UNPACKING pc=0x000001b576c446a2 sp=0x000000a2417f9eb0 mode 2
Event: 22.236 Thread 0x000001b564b52b60 Uncommon trap: trap_request=0xffffffde fr.pc=0x000001b57728c2f0 relative=0x0000000000001950
Event: 22.236 Thread 0x000001b564b52b60 Uncommon trap: reason=class_check action=maybe_recompile pc=0x000001b57728c2f0 method=java.util.zip.InflaterInputStream.read([BII)I @ 78 c2
Event: 22.236 Thread 0x000001b564b52b60 DEOPT PACKING pc=0x000001b57728c2f0 sp=0x000000a2417f9e50
Event: 22.236 Thread 0x000001b564b52b60 DEOPT UNPACKING pc=0x000001b576c446a2 sp=0x000000a2417f9eb0 mode 2

Classes loaded (20 events):
Event: 22.241 Loading class java/lang/ProcessImpl
Event: 22.242 Loading class java/lang/ProcessImpl done
Event: 22.273 Loading class java/lang/ProcessImpl$2
Event: 22.274 Loading class java/lang/ProcessImpl$2 done
Event: 22.274 Loading class java/lang/Process$PipeInputStream
Event: 22.275 Loading class java/lang/Process$PipeInputStream done
Event: 22.276 Loading class jdk/internal/event/ProcessStartEvent
Event: 22.277 Loading class jdk/internal/event/ProcessStartEvent done
Event: 22.277 Loading class jdk/internal/logger/LazyLoggers
Event: 22.277 Loading class jdk/internal/logger/LazyLoggers done
Event: 22.277 Loading class jdk/internal/logger/LazyLoggers$1
Event: 22.278 Loading class jdk/internal/logger/LazyLoggers$1 done
Event: 22.278 Loading class jdk/internal/logger/LazyLoggers$LazyLoggerFactories
Event: 22.278 Loading class jdk/internal/logger/LazyLoggers$LazyLoggerFactories done
Event: 22.288 Loading class jdk/internal/logger/LoggerFinderLoader
Event: 22.290 Loading class jdk/internal/logger/LoggerFinderLoader done
Event: 22.295 Loading class jdk/internal/logger/LoggerFinderLoader$TemporaryLoggerFinder
Event: 22.295 Loading class jdk/internal/logger/LoggerFinderLoader$TemporaryLoggerFinder done
Event: 22.296 Loading class sun/util/logging/internal/LoggingProviderImpl$JULWrapper
Event: 22.296 Loading class sun/util/logging/internal/LoggingProviderImpl$JULWrapper done

Classes unloaded (0 events):
No events

Classes redefined (0 events):
No events

Internal exceptions (20 events):
Event: 18.324 Thread 0x000001b564b52b60 Exception <a 'java/lang/IncompatibleClassChangeError'{0x000000008ea8ed20}: Found class java.lang.Object, but interface was expected> (0x000000008ea8ed20) 
thrown [s\open\src\hotspot\share\interpreter\linkResolver.cpp, line 840]
Event: 18.627 Thread 0x000001b564b52b60 Exception <a 'java/lang/IncompatibleClassChangeError'{0x000000008e4b1c48}: Found class java.lang.Object, but interface was expected> (0x000000008e4b1c48) 
thrown [s\open\src\hotspot\share\interpreter\linkResolver.cpp, line 840]
Event: 18.780 Thread 0x000001b564b52b60 Exception <a 'java/lang/IncompatibleClassChangeError'{0x000000008e18a630}: Found class java.lang.Object, but interface was expected> (0x000000008e18a630) 
thrown [s\open\src\hotspot\share\interpreter\linkResolver.cpp, line 840]
Event: 18.964 Thread 0x000001b564b52b60 Exception <a 'java/lang/NoSuchMethodError'{0x000000008db75f08}: 'void java.lang.invoke.Invokers$Holder.invokeExact_MT(java.lang.Object, java.lang.Object, int, java.lang.Object)'> (0x000000008db75f08) 
thrown [s\open\src\hotspot\share\interpreter\linkResolver.cpp, line 773]
Event: 18.986 Thread 0x000001b564b52b60 Exception <a 'java/lang/NoSuchMethodError'{0x000000008dbc1dd8}: 'java.lang.Object java.lang.invoke.DirectMethodHandle$Holder.newInvokeSpecial(java.lang.Object, java.lang.Object, java.lang.Object, java.lang.Object, java.lang.Object, java.lang.Object, java.lang.Object, java.lang.Object, java.lang.Object)'> (0x000000008dbc1dd8) 
thrown [s\open\src\hotspot\share\interpreter\linkResolver.cpp, line 773]
Event: 18.990 Thread 0x000001b564b52b60 Exception <a 'java/lang/NoSuchMethodError'{0x000000008dbf9ed0}: 'long java.lang.invoke.DelegatingMethodHandle$Holder.reinvoke_L(java.lang.Object, java.lang.Object)'> (0x000000008dbf9ed0) 
thrown [s\open\src\hotspot\share\interpreter\linkResolver.cpp, line 773]
Event: 18.991 Thread 0x000001b564b52b60 Exception <a 'java/lang/NoSuchMethodError'{0x000000008da04828}: 'void java.lang.invoke.DelegatingMethodHandle$Holder.reinvoke_L(java.lang.Object, java.lang.Object, long)'> (0x000000008da04828) 
thrown [s\open\src\hotspot\share\interpreter\linkResolver.cpp, line 773]
Event: 19.412 Thread 0x000001b564b52b60 Implicit null exception at 0x000001b5773b342f to 0x000001b5773b631d
Event: 19.509 Thread 0x000001b564b52b60 Exception <a 'java/lang/NoSuchMethodError'{0x00000000915c4c38}: 'java.lang.Object java.lang.invoke.DirectMethodHandle$Holder.newInvokeSpecial(java.lang.Object, java.lang.Object, java.lang.Object, java.lang.Object, java.lang.Object, java.lang.Object, java.lang.Object, java.lang.Object)'> (0x00000000915c4c38) 
thrown [s\open\src\hotspot\share\interpreter\linkResolver.cpp, line 773]
Event: 20.598 Thread 0x000001b564b52b60 Exception <a 'java/lang/IncompatibleClassChangeError'{0x000000008e2f5dd0}: Found class java.lang.Object, but interface was expected> (0x000000008e2f5dd0) 
thrown [s\open\src\hotspot\share\interpreter\linkResolver.cpp, line 840]
Event: 20.931 Thread 0x000001b564b52b60 Exception <a 'java/lang/NoSuchMethodError'{0x000000008d721a20}: 'java.lang.Object java.lang.invoke.DirectMethodHandle$Holder.invokeVirtual(java.lang.Object, java.lang.Object, java.lang.Object, java.lang.Object, java.lang.Object, java.lang.Object)'> (0x000000008d721a20) 
thrown [s\open\src\hotspot\share\interpreter\linkResolver.cpp, line 773]
Event: 20.953 Thread 0x000001b564b52b60 Exception <a 'java/lang/NoSuchMethodError'{0x000000008d7a9088}: 'void java.lang.invoke.DirectMethodHandle$Holder.invokeInterface(java.lang.Object, java.lang.Object, int)'> (0x000000008d7a9088) 
thrown [s\open\src\hotspot\share\interpreter\linkResolver.cpp, line 773]
Event: 20.957 Thread 0x000001b564b52b60 Exception <a 'java/lang/IncompatibleClassChangeError'{0x000000008d7e9dc0}: Found class java.lang.Object, but interface was expected> (0x000000008d7e9dc0) 
thrown [s\open\src\hotspot\share\interpreter\linkResolver.cpp, line 840]
Event: 20.958 Thread 0x000001b564b52b60 Exception <a 'java/lang/NoSuchMethodError'{0x000000008d607360}: 'void java.lang.invoke.DirectMethodHandle$Holder.invokeStatic(java.lang.Object, int, java.lang.Object)'> (0x000000008d607360) 
thrown [s\open\src\hotspot\share\interpreter\linkResolver.cpp, line 773]
Event: 21.201 Thread 0x000001b564b52b60 Exception <a 'java/lang/NoSuchMethodError'{0x000000009163a428}: 'void java.lang.invoke.DirectMethodHandle$Holder.invokeVirtual(java.lang.Object, java.lang.Object, long)'> (0x000000009163a428) 
thrown [s\open\src\hotspot\share\interpreter\linkResolver.cpp, line 773]
Event: 21.445 Thread 0x000001b564b52b60 Exception <a 'java/lang/NoSuchMethodError'{0x000000008eca3750}: 'int java.lang.invoke.DirectMethodHandle$Holder.invokeStaticInit(java.lang.Object, java.lang.Object, java.lang.Object, java.lang.Object)'> (0x000000008eca3750) 
thrown [s\open\src\hotspot\share\interpreter\linkResolver.cpp, line 773]
Event: 21.550 Thread 0x000001b564b52b60 Exception <a 'java/lang/IncompatibleClassChangeError'{0x000000008e900b48}: Found class java.lang.Object, but interface was expected> (0x000000008e900b48) 
thrown [s\open\src\hotspot\share\interpreter\linkResolver.cpp, line 840]
Event: 21.912 Thread 0x000001b564b52b60 Exception <a 'java/lang/NoSuchMethodError'{0x000000008e187738}: 'java.lang.Object java.lang.invoke.DirectMethodHandle$Holder.newInvokeSpecial(java.lang.Object, java.lang.Object, int, java.lang.Object, java.lang.Object)'> (0x000000008e187738) 
thrown [s\open\src\hotspot\share\interpreter\linkResolver.cpp, line 773]
Event: 22.199 Thread 0x000001b564b52b60 Exception <a 'java/lang/NoSuchMethodError'{0x000000008dfc8680}: method resolution failed> (0x000000008dfc8680) 
thrown [s\open\src\hotspot\share\prims\methodHandles.cpp, line 1144]
Event: 22.272 Thread 0x000001b564b52b60 Exception <a 'java/lang/NoSuchMethodError'{0x000000008de2bd48}: 'void java.lang.invoke.DirectMethodHandle$Holder.invokeStatic(java.lang.Object, long)'> (0x000000008de2bd48) 
thrown [s\open\src\hotspot\share\interpreter\linkResolver.cpp, line 773]

ZGC Phase Switch (0 events):
No events

VM Operations (20 events):
Event: 20.161 Executing VM operation: HandshakeAllThreads (Deoptimize)
Event: 20.161 Executing VM operation: HandshakeAllThreads (Deoptimize) done
Event: 20.162 Executing VM operation: HandshakeAllThreads (Deoptimize)
Event: 20.162 Executing VM operation: HandshakeAllThreads (Deoptimize) done
Event: 20.653 Executing VM operation: HandshakeAllThreads (Deoptimize)
Event: 20.653 Executing VM operation: HandshakeAllThreads (Deoptimize) done
Event: 21.048 Executing VM operation: G1CollectForAllocation (G1 Evacuation Pause)
Event: 21.056 Executing VM operation: G1CollectForAllocation (G1 Evacuation Pause) done
Event: 21.286 Executing VM operation: HandshakeAllThreads (Deoptimize)
Event: 21.286 Executing VM operation: HandshakeAllThreads (Deoptimize) done
Event: 21.836 Executing VM operation: HandshakeAllThreads (Deoptimize)
Event: 21.836 Executing VM operation: HandshakeAllThreads (Deoptimize) done
Event: 21.855 Executing VM operation: HandshakeAllThreads (Deoptimize)
Event: 21.855 Executing VM operation: HandshakeAllThreads (Deoptimize) done
Event: 21.867 Executing VM operation: HandshakeAllThreads (Deoptimize)
Event: 21.868 Executing VM operation: HandshakeAllThreads (Deoptimize) done
Event: 22.276 Executing VM operation: HandshakeAllThreads (Deoptimize)
Event: 22.276 Executing VM operation: HandshakeAllThreads (Deoptimize) done
Event: 22.276 Executing VM operation: Cleanup
Event: 22.276 Executing VM operation: Cleanup done

Events (20 events):
Event: 19.893 Thread 0x000001b54501c7e0 flushing nmethod 0x000001b577328b10
Event: 19.893 Thread 0x000001b54501c7e0 flushing nmethod 0x000001b577300390
Event: 19.893 Thread 0x000001b54501c7e0 flushing nmethod 0x000001b577245b10
Event: 19.893 Thread 0x000001b54501c7e0 flushing nmethod 0x000001b5772cd710
Event: 19.893 Thread 0x000001b54501c7e0 flushing nmethod 0x000001b5772d9890
Event: 19.893 Thread 0x000001b54501c7e0 flushing nmethod 0x000001b5772e6b90
Event: 19.893 Thread 0x000001b54501c7e0 flushing nmethod 0x000001b5772e6410
Event: 19.893 Thread 0x000001b54501c7e0 flushing nmethod 0x000001b5772c4b10
Event: 19.893 Thread 0x000001b54501c7e0 flushing nmethod 0x000001b5772b6610
Event: 19.893 Thread 0x000001b54501c7e0 flushing nmethod 0x000001b5772bfc10
Event: 19.893 Thread 0x000001b54501c7e0 flushing nmethod 0x000001b57727f790
Event: 19.893 Thread 0x000001b54501c7e0 flushing nmethod 0x000001b5772ad410
Event: 19.893 Thread 0x000001b54501c7e0 flushing nmethod 0x000001b57729db10
Event: 19.894 Thread 0x000001b54501c7e0 flushing nmethod 0x000001b577274790
Event: 19.894 Thread 0x000001b54501c7e0 flushing nmethod 0x000001b577235c90
Event: 19.894 Thread 0x000001b54501c7e0 flushing nmethod 0x000001b57721f810
Event: 19.894 Thread 0x000001b54501c7e0 flushing nmethod 0x000001b5771f5510
Event: 19.894 Thread 0x000001b54501c7e0 flushing nmethod 0x000001b5771e4d90
Event: 19.894 Thread 0x000001b54501c7e0 flushing nmethod 0x000001b577190010
Event: 20.446 Thread 0x000001b54a580650 Thread exited: 0x000001b54a580650


Dynamic libraries:
0x00007ff6865a0000 - 0x00007ff6865b0000 	C:\Program Files\Java\jdk-21\bin\java.exe
0x00007ff821630000 - 0x00007ff821844000 	C:\WINDOWS\SYSTEM32\ntdll.dll
0x00007ff820020000 - 0x00007ff8200e2000 	C:\WINDOWS\System32\KERNEL32.DLL
0x00007ff81ef80000 - 0x00007ff81f31c000 	C:\WINDOWS\System32\KERNELBASE.dll
0x00007ff81ebe0000 - 0x00007ff81ecf1000 	C:\WINDOWS\System32\ucrtbase.dll
0x00007ff8094b0000 - 0x00007ff8094c9000 	C:\Program Files\Java\jdk-21\bin\jli.dll
0x00007ff821500000 - 0x00007ff8215ae000 	C:\WINDOWS\System32\ADVAPI32.dll
0x00007ff820880000 - 0x00007ff820927000 	C:\WINDOWS\System32\msvcrt.dll
0x00007ff8200f0000 - 0x00007ff820194000 	C:\WINDOWS\System32\sechost.dll
0x00007ff81fc60000 - 0x00007ff81fd77000 	C:\WINDOWS\System32\RPCRT4.dll
0x00007ff8201d0000 - 0x00007ff82037b000 	C:\WINDOWS\System32\USER32.dll
0x00007ff81f3a0000 - 0x00007ff81f3c6000 	C:\WINDOWS\System32\win32u.dll
0x00007ff8212c0000 - 0x00007ff8212e9000 	C:\WINDOWS\System32\GDI32.dll
0x00007ff81ee60000 - 0x00007ff81ef73000 	C:\WINDOWS\System32\gdi32full.dll
0x00007ff81edc0000 - 0x00007ff81ee5a000 	C:\WINDOWS\System32\msvcp_win.dll
0x00007ffffd9d0000 - 0x00007ffffd9eb000 	C:\Program Files\Java\jdk-21\bin\VCRUNTIME140.dll
0x00007ffff8860000 - 0x00007ffff8aee000 	C:\WINDOWS\WinSxS\amd64_microsoft.windows.common-controls_6595b64144ccf1df_6.0.22621.608_none_a9444ca7c10bb01d\COMCTL32.dll
0x00007ff81c680000 - 0x00007ff81c68a000 	C:\WINDOWS\SYSTEM32\VERSION.dll
0x00007ff8215b0000 - 0x00007ff8215e1000 	C:\WINDOWS\System32\IMM32.DLL
0x00000000649f0000 - 0x0000000064ccf000 	C:\Program Files (x86)\Privacy-i\PIProtectorAPI64.dll
0x00007ff820380000 - 0x00007ff8207f4000 	C:\WINDOWS\System32\SETUPAPI.dll
0x00007ff820ad0000 - 0x00007ff8212c0000 	C:\WINDOWS\System32\SHELL32.dll
0x00007ff820930000 - 0x00007ff820acc000 	C:\WINDOWS\System32\ole32.dll
0x00007ff81f770000 - 0x00007ff81faf9000 	C:\WINDOWS\System32\combase.dll
0x00007ff81fb00000 - 0x00007ff81fbd7000 	C:\WINDOWS\System32\OLEAUT32.dll
0x00007ff820800000 - 0x00007ff820871000 	C:\WINDOWS\System32\WS2_32.dll
0x00007ff8214a0000 - 0x00007ff8214fe000 	C:\WINDOWS\System32\SHLWAPI.dll
0x00007ff808f10000 - 0x00007ff8090ff000 	C:\WINDOWS\SYSTEM32\urlmon.dll
0x00007ffffbc10000 - 0x00007ffffbcaa000 	C:\WINDOWS\SYSTEM32\WINSPOOL.DRV
0x00007ffff7d10000 - 0x00007ffff7d79000 	C:\WINDOWS\SYSTEM32\OLEACC.dll
0x00007ff80bea0000 - 0x00007ff80c150000 	C:\WINDOWS\SYSTEM32\iertutil.dll
0x00007ff80c540000 - 0x00007ff80c568000 	C:\WINDOWS\SYSTEM32\srvcli.dll
0x00007ff81d550000 - 0x00007ff81d55c000 	C:\WINDOWS\SYSTEM32\netutils.dll
0x00007ff81e780000 - 0x00007ff81e7ce000 	C:\WINDOWS\SYSTEM32\cfgmgr32.DLL
0x00007ff81dae0000 - 0x00007ff81db14000 	C:\WINDOWS\SYSTEM32\ntmarta.dll
0x00007ff81f600000 - 0x00007ff81f6f1000 	C:\WINDOWS\System32\SHCORE.dll
0x00007ff81ca30000 - 0x00007ff81d2fd000 	C:\WINDOWS\SYSTEM32\windows.storage.dll
0x00007ff81c8f0000 - 0x00007ff81ca2e000 	C:\WINDOWS\SYSTEM32\wintypes.dll
0x00007ff81e9a0000 - 0x00007ff81e9c1000 	C:\WINDOWS\SYSTEM32\profapi.dll
0x00007ff81a070000 - 0x00007ff81a07c000 	C:\Program Files\Java\jdk-21\bin\vcruntime140_1.dll
0x00007fffe3810000 - 0x00007fffe389e000 	C:\Program Files\Java\jdk-21\bin\msvcp140.dll
0x00007fffabc70000 - 0x00007fffac97d000 	C:\Program Files\Java\jdk-21\bin\server\jvm.dll
0x00007ff81e510000 - 0x00007ff81e55d000 	C:\WINDOWS\SYSTEM32\POWRPROF.dll
0x00007ff816920000 - 0x00007ff816954000 	C:\WINDOWS\SYSTEM32\WINMM.dll
0x00007ff81e400000 - 0x00007ff81e413000 	C:\WINDOWS\SYSTEM32\UMPDC.dll
0x00007ff81dac0000 - 0x00007ff81dad8000 	C:\WINDOWS\SYSTEM32\kernel.appcore.dll
0x00007ff819e40000 - 0x00007ff819e4a000 	C:\Program Files\Java\jdk-21\bin\jimage.dll
0x00007ff80b040000 - 0x00007ff80b26e000 	C:\WINDOWS\SYSTEM32\DBGHELP.DLL
0x00007ffff6150000 - 0x00007ffff6182000 	C:\WINDOWS\SYSTEM32\dbgcore.DLL
0x000001b566990000 - 0x000001b566a0b000 	C:\WINDOWS\System32\bcryptPrimitives.dll
0x00007ffffd9b0000 - 0x00007ffffd9cf000 	C:\Program Files\Java\jdk-21\bin\java.dll
0x00007fffd5be0000 - 0x00007fffd5cb7000 	C:\Program Files\Java\jdk-21\bin\jsvml.dll
0x00007ff809580000 - 0x00007ff809590000 	C:\Program Files\Java\jdk-21\bin\net.dll
0x00007ff816280000 - 0x00007ff8163b7000 	C:\WINDOWS\SYSTEM32\WINHTTP.dll
0x00007ff81df30000 - 0x00007ff81df99000 	C:\WINDOWS\system32\mswsock.dll
0x00007ffff8840000 - 0x00007ffff8856000 	C:\Program Files\Java\jdk-21\bin\nio.dll
0x00007ffff8b80000 - 0x00007ffff8b98000 	C:\Program Files\Java\jdk-21\bin\zip.dll
0x00007ff81d560000 - 0x00007ff81d58d000 	C:\WINDOWS\SYSTEM32\IPHLPAPI.DLL
0x00007ff81f760000 - 0x00007ff81f769000 	C:\WINDOWS\System32\NSI.dll
0x00007ffff8b70000 - 0x00007ffff8b79000 	C:\Program Files\Java\jdk-21\bin\extnet.dll
0x00007ff8098b0000 - 0x00007ff8098c0000 	C:\Program Files\Java\jdk-21\bin\verify.dll
0x00007ff8098d0000 - 0x00007ff8098de000 	C:\Program Files\Java\jdk-21\bin\sunmscapi.dll
0x00007ff81ea70000 - 0x00007ff81ebd6000 	C:\WINDOWS\System32\CRYPT32.dll
0x00007ff81e390000 - 0x00007ff81e3be000 	C:\WINDOWS\SYSTEM32\ncrypt.dll
0x00007ff81e350000 - 0x00007ff81e387000 	C:\WINDOWS\SYSTEM32\NTASN1.dll
0x00007ff81e200000 - 0x00007ff81e21b000 	C:\WINDOWS\SYSTEM32\CRYPTSP.dll
0x00007ff81da10000 - 0x00007ff81da45000 	C:\WINDOWS\system32\rsaenh.dll
0x00007ff81e0a0000 - 0x00007ff81e0c8000 	C:\WINDOWS\SYSTEM32\USERENV.dll
0x00007ff81e3d0000 - 0x00007ff81e3f8000 	C:\WINDOWS\SYSTEM32\bcrypt.dll
0x00007ff81e220000 - 0x00007ff81e22c000 	C:\WINDOWS\SYSTEM32\CRYPTBASE.dll
0x00007ff81d5d0000 - 0x00007ff81d6c3000 	C:\WINDOWS\SYSTEM32\DNSAPI.dll
0x00007ff813240000 - 0x00007ff81324a000 	C:\Windows\System32\rasadhlp.dll
0x00007ff813090000 - 0x00007ff813113000 	C:\WINDOWS\System32\fwpuclnt.dll
0x00007ff8098c0000 - 0x00007ff8098ca000 	C:\Program Files\Java\jdk-21\bin\management.dll
0x00007ff8094a0000 - 0x00007ff8094ab000 	C:\Program Files\Java\jdk-21\bin\management_ext.dll
0x00007ff81f570000 - 0x00007ff81f578000 	C:\WINDOWS\System32\PSAPI.DLL

dbghelp: loaded successfully - version: 4.0.5 - missing functions: none
symbol engine: initialized successfully - sym options: 0x614 - pdb path: .;C:\Program Files\Java\jdk-21\bin;C:\WINDOWS\SYSTEM32;C:\WINDOWS\WinSxS\amd64_microsoft.windows.common-controls_6595b64144ccf1df_6.0.22621.608_none_a9444ca7c10bb01d;C:\Program Files (x86)\Privacy-i;C:\Program Files\Java\jdk-21\bin\server

VM Arguments:
jvm_args: -ea -XX:+ShowCodeDetailsInExceptionMessages -Dfile.encoding=UTF-8 
java_command: org.eclipse.jdt.internal.junit.runner.RemoteTestRunner -version 3 -port 53517 -testLoaderClass org.eclipse.jdt.internal.junit5.runner.JUnit5TestLoader -loaderpluginname org.eclipse.jdt.junit5.runtime -test com.project.servey.ServeyQuerydslTest:testSelectServeyFilteredList
java_class_path (initial): c:\_project\servey\servey-site-be\servey\bin\test;c:\_project\servey\servey-site-be\servey\bin\main;c:\_project\servey\servey-site-be\servey\bin\default;c:\Users\chunjae\.gradle\caches\modules-2\files-2.1\org.projectlombok\lombok\1.18.34\ec547ef414ab1d2c040118fb9c1c265ada63af14\lombok-1.18.34.jar;c:\Users\chunjae\.gradle\caches\modules-2\files-2.1\org.mapstruct\mapstruct-processor\1.6.0\d48e787cbd31bfd8766cdcd255ca102e974309\mapstruct-processor-1.6.0.jar;c:\Users\chunjae\.gradle\caches\modules-2\files-2.1\org.projectlombok\lombok-mapstruct-binding\0.2.0\2f1cf9ced7b720ba4996c942b816669e63f0fa4f\lombok-mapstruct-binding-0.2.0.jar;c:\Users\chunjae\.gradle\caches\modules-2\files-2.1\com.querydsl\querydsl-apt\5.0.0\d48657412f2b96d787bbe5ae393e33815c94b4d0\querydsl-apt-5.0.0-jakarta.jar;c:\Users\chunjae\.gradle\caches\modules-2\files-2.1\org.springframework.boot\spring-boot-starter-data-jpa\3.3.4\60df2a5bea8752fb215f3c8e1dffeb3554773a49\spring-boot-starter-data-jpa-3.3.4.jar;c:\Users\chunjae\.gradle\caches\modules-2\files-2.1\org.hibernate.orm\hibernate-core\6.5.3.Final\1e23c320a5d10f5eaecbd23095fca5c5c83c1fb5\hibernate-core-6.5.3.Final.jar;c:\Users\chunjae\.gradle\caches\modules-2\files-2.1\jakarta.persistence\jakarta.persistence-api\3.1.0\66901fa1c373c6aff65c13791cc11da72060a8d6\jakarta.persistence-api-3.1.0.jar;c:\Users\chunjae\.gradle\caches\modules-2\files-2.1\org.springframework.boot\spring-boot-starter-jdbc\3.3.4\b6bc324d5af04af752a6f3e44ea8e4cd96b28343\spring-boot-starter-jdbc-3.3.4.jar;c:\Users\chunjae\.gradle\caches\modules-2\files-2.1\org.springframework.boot\spring-boot-starter-web\3.3.4\b43a9fd107611337777b47dc7518e2aca59e58eb\spring-boot-starter-web-3.3.4.jar;c:\Users\chunjae\.gradle\caches\modules-2\files-2.1\org.springframework.boot\spring-boot-starter-security\3.3.4\58e8b8decf2116c2e3422368d8f1ebd5bdff117\spring-boot-starter-security-3.3.4.jar;c:\Users\chunjae\.gradle\caches\modules-2\files-2.1\org.springframework.boot\spring-boot-starter-aop\3.3.4\4e0fef42facab9dbdbc7784dc4fb7698bf1c6b49\spring-boot-starter-aop-3.3.4.jar;c:\Users\chunjae\.gradle\caches\modules-2\files-2.1\org.springframework.boot\spring-boot-starter-json\3.3.4\816ab4ccd364350e3d0b5c1d53c2e5302a49eae6\spring-boot-starter-json-3.3.4.jar;c:\Users\chunjae\.gradle\caches\modules-2\files-2.1\org.springframework.boot\spring-boot-starter\3.3.4\f02312a6816fb439a55d2920b9af8f0f8abf5bac\spring-boot-starter-3.3.4.jar;c:\Users\chunjae\.gradle\caches\modules-2\files-2.1\org.springframework.data\spring-data-jpa\3.3.4\f92296e4b6d18f5f79c5e6074da96bf0de2006d3\spring-data-jpa-3.3.4.jar;c:\Users\chunjae\.gradle\caches\modules-2\files-2.1\org.springframework.boot\spring-boot-starter-tomcat\3.3.4\7e552e904d54a0bd3f2ac8666e3344caa799a181\spring-boot-starter-tomcat-3.3.4.jar;c:\Users\chunjae\.gradle\caches\modules-2\files-2.1\jakarta.annotation\jakarta.annotation-api\2.1.1\48b9bda22b091b1f48b13af03fe36db3be6e1ae3\jakarta.annotation-api-2.1.1.jar;c:\Users\chunjae\.gradle\caches\modules-2\files-2.1\org.mapstruct\mapstruct\1.6.0\745d823be6701986a0da67007bc92e8f42b61976\mapstruct-1.6.0.jar;c:\Users\chunjae\.gradle\caches\modules-2\files-2.1\com.querydsl\querydsl-jpa\5.0.0\2a653852848dee41b967d3520be3339f0f92f1ea\querydsl-jpa-5.0.0-jakarta.jar;c:\Users\chunjae\.gradle\caches\modules-2\files-2.1\com.querydsl\querydsl-codegen\5.1.0\a8504ea51fbc2258543cedab6a37fe6039b2d20a\querydsl-codegen-5.1.0.jar;c:\Users\chunjae\.gradle\caches\modules-2\files-2.1\com.querydsl\querydsl-core\5.0.0\7a469f78b7a89bae429f17766fb92687d0ab9e5b\querydsl-core-5.0.0.jar;c:\Users\chunjae\.gradle\caches\modules-2\files-2.1\io.jsonwebtoken\jjwt\0.12.6\3ec582b34a9fd6a2081ea663993d2881a0c1dba2\jjwt-0.12.6.jar;c:\Users\chunjae\.gradle\caches\modules-2\files-2.1\org.apache.poi\poi-ooxml\5.0.0\92e7e4086184ae074c4f1c0da178afed9ab66d1c\poi-ooxml-5.0.0.jar;c:\Users\chunjae\.gradle\caches\modules-2\files-2.1\org.apache.poi\poi\5.0.0\68039007ca335269576dd526e16671c579045dfc\poi-5.0.0.jar;c:\Users\chunjae\.gradle\caches\modules-2\files-2.1\org.springframework\spring-aspects\6.1.13\d606215f2876e8a3ed1945db5adfbb76a7e3f0e7\spring-aspects-6.1.13.jar;c:\Users\chunjae\.gradle\caches\modules-2\files-2.1\com.zaxxer\HikariCP\5.1.0\8c96e36c14461fc436bb02b264b96ef3ca5dca8c\HikariCP-5.1.0.jar;c:\Users\chunjae\.gradle\caches\modules-2\files-2.1\org.springframework\spring-orm\6.1.13\68093388cd8fca9ad2731e63bfb8de3f2604474\spring-orm-6.1.13.jar;c:\Users\chunjae\.gradle\caches\modules-2\files-2.1\org.springframework\spring-jdbc\6.1.13\11811219be3452cfd989c57d3de4529f6927352f\spring-jdbc-6.1.13.jar;c:\Users\chunjae\.gradle\caches\modules-2\files-2.1\org.springframework\spring-webmvc\6.1.13\ca5f025b133c69026bfe01daa6132d0ac2e4a59f\spring-webmvc-6.1.13.jar;c:\Users\chunjae\.gradle\caches\modules-2\files-2.1\org.springframework.security\spring-security-web\6.3.3\54455b90899cd803e92b020124e859a859f63ee0\spring-security-web-6.3.3.jar;c:\Users\chunjae\.gradle\caches\modules-2\files-2.1\org.springframework\spring-web\6.1.13\e4028dbbc4ae1fb4bfd3257c53302956d7687b66\spring-web-6.1.13.jar;c:\Users\chunjae\.gradle\caches\modules-2\files-2.1\org.springframework.boot\spring-boot-autoconfigure\3.3.4\979234a0f3035fe60d5e505018789f98a7ec7ee3\spring-boot-autoconfigure-3.3.4.jar;c:\Users\chunjae\.gradle\caches\modules-2\files-2.1\org.springframework.boot\spring-boot\3.3.4\f06c6950aa5766b63328e821641f5c7d71be819d\spring-boot-3.3.4.jar;c:\Users\chunjae\.gradle\caches\modules-2\files-2.1\org.springframework.boot\spring-boot-starter-logging\3.3.4\c83073c0f5574b2146695ab716bcef3d6baa45e6\spring-boot-starter-logging-3.3.4.jar;c:\Users\chunjae\.gradle\caches\modules-2\files-2.1\org.springframework.security\spring-security-config\6.3.3\57b2c01e0a9e12b4418668ebc369e39b648e61bb\spring-security-config-6.3.3.jar;c:\Users\chunjae\.gradle\caches\modules-2\files-2.1\org.springframework.security\spring-security-core\6.3.3\2bf159e3db212d61408a2f728d6d7252dfaf4710\spring-security-core-6.3.3.jar;c:\Users\chunjae\.gradle\caches\modules-2\files-2.1\org.springframework\spring-context\6.1.13\d5163ddae069c5d78c841cd3a60c4db25bf16401\spring-context-6.1.13.jar;c:\Users\chunjae\.gradle\caches\modules-2\files-2.1\org.springframework\spring-aop\6.1.13\ad2c631e1717fdc6d91d56c06d4fd61e0215c19a\spring-aop-6.1.13.jar;c:\Users\chunjae\.gradle\caches\modules-2\files-2.1\org.springframework.data\spring-data-commons\3.3.4\f0f6bca5b0cd7d318666e2d3f02726c615334678\spring-data-commons-3.3.4.jar;c:\Users\chunjae\.gradle\caches\modules-2\files-2.1\org.springframework\spring-tx\6.1.13\ed041ecf9a5f480e1b11d0b58a06d8034ff8cfea\spring-tx-6.1.13.jar;c:\Users\chunjae\.gradle\caches\modules-2\files-2.1\org.springframework\spring-beans\6.1.13\90bbee6278b46b145e64e5ae29316bdd459c6826\spring-beans-6.1.13.jar;c:\Users\chunjae\.gradle\caches\modules-2\files-2.1\org.springframework\spring-expression\6.1.13\be30254712ca0549cbd539ba05c57064917253f3\spring-expression-6.1.13.jar;c:\Users\chunjae\.gradle\caches\modules-2\files-2.1\org.springframework\spring-core\6.1.13\ddbd765408d2665f47017c8f05a7682012f91da3\spring-core-6.1.13.jar;c:\Users\chunjae\.gradle\caches\modules-2\files-2.1\org.yaml\snakeyaml\2.2\3af797a25458550a16bf89acc8e4ab2b7f2bfce0\snakeyaml-2.2.jar;c:\Users\chunjae\.gradle\caches\modules-2\files-2.1\com.mysema.commons\mysema-commons-lang\0.2.4\d09c8489d54251a6c22fbce804bdd4a070557317\mysema-commons-lang-0.2.4.jar;c:\Users\chunjae\.gradle\caches\modules-2\files-2.1\io.jsonwebtoken\jjwt-api\0.12.6\478886a888f6add04937baf0361144504a024967\jjwt-api-0.12.6.jar;c:\Users\chunjae\.gradle\caches\modules-2\files-2.1\org.slf4j\jcl-over-slf4j\2.0.16\9d08badad22f1ac07deac9188ade596472a2bfd9\jcl-over-slf4j-2.0.16.jar;c:\Users\chunjae\.gradle\caches\modules-2\files-2.1\org.apache.santuario\xmlsec\2.2.1\d64462dd9f37f49b311b67b48f2e2b1fb7fabb82\xmlsec-2.2.1.jar;c:\Users\chunjae\.gradle\caches\modules-2\files-2.1\ch.qos.logback\logback-classic\1.5.8\229bb1ef6b14dfbf74ff443af9097d836dc5f0dd\logback-classic-1.5.8.jar;c:\Users\chunjae\.gradle\caches\modules-2\files-2.1\org.apache.logging.log4j\log4j-to-slf4j\2.23.1\425ad1eb8a39904d2830e907a324e956fb456520\log4j-to-slf4j-2.23.1.jar;c:\Users\chunjae\.gradle\caches\modules-2\files-2.1\org.slf4j\jul-to-slf4j\2.0.16\6d57da3e961daac65bcca0dd3def6cd11e48a24a\jul-to-slf4j-2.0.16.jar;c:\Users\chunjae\.gradle\caches\modules-2\files-2.1\org.slf4j\slf4j-api\2.0.16\172931663a09a1fa515567af5fbef00897d3c04\slf4j-api-2.0.16.jar;c:\Users\chunjae\.gradle\caches\modules-2\files-2.1\commons-codec\commons-codec\1.16.1\47bd4d333fba53406f6c6c51884ddbca435c8862\commons-codec-1.16.1.jar;c:\Users\chunjae\.gradle\caches\modules-2\files-2.1\org.apache.commons\commons-collections4\4.4\62ebe7544cb7164d87e0637a2a6a2bdc981395e8\commons-collections4-4.4.jar;c:\Users\chunjae\.gradle\caches\modules-2\files-2.1\org.apache.commons\commons-math3\3.6.1\e4ba98f1d4b3c80ec46392f25e094a6a2e58fcbf\commons-math3-3.6.1.jar;c:\Users\chunjae\.gradle\caches\modules-2\files-2.1\com.zaxxer\SparseBitSet\1.2\8467c813d442837fcaeddbc42cf5c5359fab4933\SparseBitSet-1.2.jar;c:\Users\chunjae\.gradle\caches\modules-2\files-2.1\org.apache.poi\poi-ooxml-lite\5.0.0\ca2284f09a214feb6bd8b20ecbe4bfc8eaef08c1\poi-ooxml-lite-5.0.0.jar;c:\Users\chunjae\.gradle\caches\modules-2\files-2.1\org.apache.commons\commons-compress\1.20\b8df472b31e1f17c232d2ad78ceb1c84e00c641b\commons-compress-1.20.jar;c:\Users\chunjae\.gradle\caches\modules-2\files-2.1\com.github.virtuald\curvesapi\1.06\159dd2e8956459a4eb0a9a6ecda9004d8d289708\curvesapi-1.06.jar;c:\Users\chunjae\.gradle\caches\modules-2\files-2.1\org.bouncycastle\bcpkix-jdk15on\1.68\81da950604ff0b2652348cbd2b48fde46ced9867\bcpkix-jdk15on-1.68.jar;c:\Users\chunjae\.gradle\caches\modules-2\files-2.1\org.bouncycastle\bcprov-jdk15on\1.68\46a080368d38b428d237a59458f9bc915222894d\bcprov-jdk15on-1.68.jar;c:\Users\chunjae\.gradle\caches\modules-2\files-2.1\org.apache.xmlgraphics\batik-all\1.13\b2b05df4bbe65d2bedb5f675d8eaa490a7577a03\batik-all-1.13.jar;c:\Users\chunjae\.gradle\caches\modules-2\files-2.1\de.rototor.pdfbox\graphics2d\0.30\e34a2638d08357e206a9df58fdc90d7c8eec4600\graphics2d-0.30.jar;c:\Users\chunjae\.gradle\caches\modules-2\files-2.1\com.querydsl\codegen-utils\5.1.0\ba401554d613760617992eafb6cdba175c811e6f\codegen-utils-5.1.0.jar;c:\Users\chunjae\.gradle\caches\modules-2\files-2.1\javax.inject\javax.inject\1\6975da39a7040257bd51d21a231b76c915872d38\javax.inject-1.jar;c:\Users\chunjae\.gradle\caches\modules-2\files-2.1\io.github.classgraph\classgraph\4.8.146\360448a09bfa5689d89cfa97fea53b3fdefa9c23\classgraph-4.8.146.jar;c:\Users\chunjae\.gradle\caches\modules-2\files-2.1\org.aspectj\aspectjweaver\1.9.22.1\bca243d0af0db4758fbae45c5f4995cb5dabb612\aspectjweaver-1.9.22.1.jar;c:\Users\chunjae\.gradle\caches\modules-2\files-2.1\jakarta.transaction\jakarta.transaction-api\2.0.1\51a520e3fae406abb84e2e1148e6746ce3f80a1a\jakarta.transaction-api-2.0.1.jar;c:\Users\chunjae\.gradle\caches\modules-2\files-2.1\org.antlr\antlr4-runtime\4.13.0\5a02e48521624faaf5ff4d99afc88b01686af655\antlr4-runtime-4.13.0.jar;c:\Users\chunjae\.gradle\caches\modules-2\files-2.1\com.fasterxml.jackson.datatype\jackson-datatype-jsr310\2.17.2\267b85e9ba2892a37be6d80aa9ca1438a0d8c210\jackson-datatype-jsr310-2.17.2.jar;c:\Users\chunjae\.gradle\caches\modules-2\files-2.1\com.fasterxml.jackson.module\jackson-module-parameter-names\2.17.2\d27b9f95ccce98984c1ba58d61c5a9c072b1ad95\jackson-module-parameter-names-2.17.2.jar;c:\Users\chunjae\.gradle\caches\modules-2\files-2.1\com.fasterxml.jackson.core\jackson-annotations\2.17.2\147b7b9412ffff24339f8aba080b292448e08698\jackson-annotations-2.17.2.jar;c:\Users\chunjae\.gradle\caches\modules-2\files-2.1\com.fasterxml.jackson.core\jackson-core\2.17.2\969a35cb35c86512acbadcdbbbfb044c877db814\jackson-core-2.17.2.jar;c:\Users\chunjae\.gradle\caches\modules-2\files-2.1\com.fasterxml.jackson.datatype\jackson-datatype-jdk8\2.17.2\efd3dd0e1d0db8bc72abbe71c15e697bb83b4b45\jackson-datatype-jdk8-2.17.2.jar;c:\Users\chunjae\.gradle\caches\modules-2\files-2.1\com.fasterxml.jackson.core\jackson-databind\2.17.2\e6deb029e5901e027c129341fac39e515066b68c\jackson-databind-2.17.2.jar;c:\Users\chunjae\.gradle\caches\modules-2\files-2.1\org.apache.tomcat.embed\tomcat-embed-websocket\10.1.30\b8cc73d6878688d5afb8fb78c3f9ea1bc3e5e6cf\tomcat-embed-websocket-10.1.30.jar;c:\Users\chunjae\.gradle\caches\modules-2\files-2.1\org.apache.tomcat.embed\tomcat-embed-core\10.1.30\852ff3547f179175feaff39c443e9b980ec2cc2\tomcat-embed-core-10.1.30.jar;c:\Users\chunjae\.gradle\caches\modules-2\files-2.1\org.apache.tomcat.embed\tomcat-embed-el\10.1.30\432b176aa50de87c3bbda99b0fe85523abfd1382\tomcat-embed-el-10.1.30.jar;c:\Users\chunjae\.gradle\caches\modules-2\files-2.1\io.micrometer\micrometer-observation\1.13.4\2673c9b181ab2512002b23b7ad0f1dd02212696c\micrometer-observation-1.13.4.jar;c:\Users\chunjae\.gradle\caches\modules-2\files-2.1\org.springframework\spring-jcl\6.1.13\37291ff008a66a9dbf2c98e11bd468cfadaa7ebc\spring-jcl-6.1.13.jar;c:\Users\chunjae\.gradle\caches\modules-2\files-2.1\org.apache.xmlbeans\xmlbeans\4.0.0\b4d6063550992edd2bbdf7b278ff0a15e78e16d\xmlbeans-4.0.0.jar;c:\Users\chunjae\.gradle\caches\modules-2\files-2.1\org.apache.xmlgraphics\batik-rasterizer-ext\1.13\451de768d33a76f74c50492412ffa46ff30c58aa\batik-rasterizer-ext-1.13.jar;c:\Users\chunjae\.gradle\caches\modules-2\files-2.1\org.apache.xmlgraphics\batik-rasterizer\1.13\2377ed2b69069bd5c53a52eb055108667b4183e\batik-rasterizer-1.13.jar;c:\Users\chunjae\.gradle\caches\modules-2\files-2.1\org.apache.xmlgraphics\batik-svgrasterizer\1.13\b4892e196ec5d829478f22c3a8d9c2321c2daa40\batik-svgrasterizer-1.13.jar;c:\Users\chunjae\.gradle\caches\modules-2\files-2.1\org.apache.xmlgraphics\batik-codec\1.13\635aa7b508dd7ab1bc2c4bec61e5e87d96a87f12\batik-codec-1.13.jar;c:\Users\chunjae\.gradle\caches\modules-2\files-2.1\org.apache.xmlgraphics\batik-squiggle-ext\1.13\234c427f67925208012894f7195b80a066440c5f\batik-squiggle-ext-1.13.jar;c:\Users\chunjae\.gradle\caches\modules-2\files-2.1\org.apache.xmlgraphics\batik-extension\1.13\92f42a0cbda28d920116bb0648d2d2eecabdd19\batik-extension-1.13.jar;c:\Users\chunjae\.gradle\caches\modules-2\files-2.1\org.apache.xmlgraphics\batik-slideshow\1.13\4d6ada95bcd8173f6df31a5ed85ecc84f33fb580\batik-slideshow-1.13.jar;c:\Users\chunjae\.gradle\caches\modules-2\files-2.1\org.apache.xmlgraphics\batik-squiggle\1.13\ea736a9768c4e9b842023e2107a965870dccbdd7\batik-squiggle-1.13.jar;c:\Users\chunjae\.gradle\caches\modules-2\files-2.1\org.apache.xmlgraphics\batik-svgbrowser\1.13\279a07410db28fdb3d819c148fe8fb7e10ee10a7\batik-svgbrowser-1.13.jar;c:\Users\chunjae\.gradle\caches\modules-2\files-2.1\org.apache.xmlgraphics\batik-swing\1.13\232653b04333483431cce9cdece2978fc6577c27\batik-swing-1.13.jar;c:\Users\chunjae\.gradle\caches\modules-2\files-2.1\org.apache.xmlgraphics\batik-svgpp\1.13\255118c63cc93ccfddc40a4472acab789f142d6a\batik-svgpp-1.13.jar;c:\Users\chunjae\.gradle\caches\modules-2\files-2.1\org.apache.xmlgraphics\batik-transcoder\1.13\c315cbb6cc7a809c18995ae84f37c087b6f71fb3\batik-transcoder-1.13.jar;c:\Users\chunjae\.gradle\caches\modules-2\files-2.1\org.apache.xmlgraphics\batik-bridge\1.13\fe5e35b253b859e6a0a67fe3595bc8c3ad6faa52\batik-bridge-1.13.jar;c:\Users\chunjae\.gradle\caches\modules-2\files-2.1\org.apache.xmlgraphics\batik-script\1.13\4579ef2a459f3574bd85236892c6af9c4d821ef0\batik-script-1.13.jar;c:\Users\chunjae\.gradle\caches\modules-2\files-2.1\org.apache.xmlgraphics\batik-anim\1.13\a5d06a4fbaf9cf2015c76d95d9a5dcf3a5bcf9e2\batik-anim-1.13.jar;c:\Users\chunjae\.gradle\caches\modules-2\files-2.1\org.apache.xmlgraphics\batik-gvt\1.13\e324b1b5bb23649c67579b8c2ee45f33de42e539\batik-gvt-1.13.jar;c:\Users\chunjae\.gradle\caches\modules-2\files-2.1\org.apache.xmlgraphics\batik-svg-dom\1.13\ad16f601df77e9230a5a6a78ec7bfaf3ee2767d4\batik-svg-dom-1.13.jar;c:\Users\chunjae\.gradle\caches\modules-2\files-2.1\org.apache.xmlgraphics\batik-parser\1.13\33169dfb1155b76705b8640a1aa9a222564b3a62\batik-parser-1.13.jar;c:\Users\chunjae\.gradle\caches\modules-2\files-2.1\org.apache.xmlgraphics\batik-ttf2svg\1.13\70d2b5b9b2f253d6a89e208e7bb8d9658ac61f46\batik-ttf2svg-1.13.jar;c:\Users\chunjae\.gradle\caches\modules-2\files-2.1\org.apache.xmlgraphics\batik-svggen\1.13\aee02c61f8ed1a50db182a1974f0ef11166fcc01\batik-svggen-1.13.jar;c:\Users\chunjae\.gradle\caches\modules-2\files-2.1\org.apache.xmlgraphics\batik-awt-util\1.13\d6dca71c2e3e48901a5a3cab9477f0b7a7c53c8\batik-awt-util-1.13.jar;c:\Users\chunjae\.gradle\caches\modules-2\files-2.1\org.apache.xmlgraphics\batik-dom\1.13\818605a4cffadb5ec0db39b2f560c2206d65f691\batik-dom-1.13.jar;c:\Users\chunjae\.gradle\caches\modules-2\files-2.1\org.apache.xmlgraphics\batik-css\1.13\90d83f11998260ad0f7ac784f90181f41ccd5bcd\batik-css-1.13.jar;c:\Users\chunjae\.gradle\caches\modules-2\files-2.1\org.apache.xmlgraphics\batik-gui-util\1.13\a74a998205a316ff1ab2cab5240c9973de5fda69\batik-gui-util-1.13.jar;c:\Users\chunjae\.gradle\caches\modules-2\files-2.1\org.apache.xmlgraphics\batik-xml\1.13\1384efa56d6047a6d87e955a3a81a8e85061a74d\batik-xml-1.13.jar;c:\Users\chunjae\.gradle\caches\modules-2\files-2.1\org.apache.xmlgraphics\batik-util\1.13\341818ceb5f7088c9ff5b35fac419ad9a74d8b6f\batik-util-1.13.jar;c:\Users\chunjae\.gradle\caches\modules-2\files-2.1\org.apache.xmlgraphics\batik-constants\1.13\2778851f7c8e7023578e7b76c4e4f11e4b183a13\batik-constants-1.13.jar;c:\Users\chunjae\.gradle\caches\modules-2\files-2.1\org.apache.xmlgraphics\batik-ext\1.13\ea55108b070051c5440613cfbbe91414010d183e\batik-ext-1.13.jar;c:\Users\chunjae\.gradle\caches\modules-2\files-2.1\org.apache.xmlgraphics\batik-i18n\1.13\e08aab4a78a5825144d7f1772356c0ee059a8d46\batik-i18n-1.13.jar;c:\Users\chunjae\.gradle\caches\modules-2\files-2.1\org.apache.pdfbox\pdfbox\2.0.22\61f19d1ebc0bec25bbbc0eb2b28ee872a39a76b3\pdfbox-2.0.22.jar;c:\Users\chunjae\.gradle\caches\modules-2\files-2.1\org.eclipse.jdt\ecj\3.26.0\4837be609a3368a0f7e7cf0dc1bdbc7fe94993de\ecj-3.26.0.jar;c:\Users\chunjae\.gradle\caches\modules-2\files-2.1\io.micrometer\micrometer-commons\1.13.4\edcf69518a4c382c48e19c7fb7d4aedfb115c0c3\micrometer-commons-1.13.4.jar;c:\Users\chunjae\.gradle\caches\modules-2\files-2.1\ch.qos.logback\logback-core\1.5.8\3fce599197de3b6f387cc9bee412ead2b4994a46\logback-core-1.5.8.jar;c:\Users\chunjae\.gradle\caches\modules-2\files-2.1\org.apache.logging.log4j\log4j-api\2.23.1\9c15c29c526d9c6783049c0a77722693c66706e1\log4j-api-2.23.1.jar;c:\Users\chunjae\.gradle\caches\modules-2\files-2.1\org.springframework.security\spring-security-crypto\6.3.3\a44e901cd1cfa1d6c20d30b69b83499e12e607a1\spring-security-crypto-6.3.3.jar;c:\Users\chunjae\.gradle\caches\modules-2\files-2.1\org.apache.xmlgraphics\batik-shared-resources\1.13\5b886d1a3327b1bf09e377d359c5d2392cccfed0\batik-shared-resources-1.13.jar;c:\Users\chunjae\.gradle\caches\modules-2\files-2.1\xml-apis\xml-apis-ext\1.3.04\41a8b86b358e87f3f13cf46069721719105aff66\xml-apis-ext-1.3.04.jar;c:\Users\chunjae\.gradle\caches\modules-2\files-2.1\org.apache.xmlgraphics\xmlgraphics-commons\2.4\8d261df049a23d40a053d2700399ea76080fe0a8\xmlgraphics-commons-2.4.jar;c:\Users\chunjae\.gradle\caches\modules-2\files-2.1\xalan\xalan\2.7.2\d55d3f02a56ec4c25695fe67e1334ff8c2ecea23\xalan-2.7.2.jar;c:\Users\chunjae\.gradle\caches\modules-2\files-2.1\xalan\serializer\2.7.2\24247f3bb052ee068971393bdb83e04512bb1c3c\serializer-2.7.2.jar;c:\Users\chunjae\.gradle\caches\modules-2\files-2.1\xml-apis\xml-apis\1.4.01\3789d9fada2d3d458c4ba2de349d48780f381ee3\xml-apis-1.4.01.jar;c:\Users\chunjae\.gradle\caches\modules-2\files-2.1\org.apache.pdfbox\fontbox\2.0.22\8b1db262fa6b79cde6d1c8e976a530b960820ae3\fontbox-2.0.22.jar;c:\Users\chunjae\.gradle\caches\modules-2\files-2.1\commons-io\commons-io\1.3.1\b90b6ac57cf27a2858eaa490d02ba7945d18ca7b\commons-io-1.3.1.jar;c:\Users\chunjae\.gradle\caches\modules-2\files-2.1\com.mysql\mysql-connector-j\8.3.0\1cc7fa5d61f4bbc113531a4ba6d85d41cf3d57e1\mysql-connector-j-8.3.0.jar;c:\Users\chunjae\.gradle\caches\modules-2\files-2.1\io.jsonwebtoken\jjwt-impl\0.12.6\ac23673a84b6089e0369fb8ab2c69edd91cd6eb0\jjwt-impl-0.12.6.jar;c:\Users\chunjae\.gradle\caches\modules-2\files-2.1\io.jsonwebtoken\jjwt-jackson\0.12.6\f141e0c1136ba17f2632858238a31ae05642dbf8\jjwt-jackson-0.12.6.jar;c:\Users\chunjae\.gradle\caches\modules-2\files-2.1\org.jboss.logging\jboss-logging\3.5.3.Final\c88fc1d8a96d4c3491f55d4317458ccad53ca663\jboss-logging-3.5.3.Final.jar;c:\Users\chunjae\.gradle\caches\modules-2\files-2.1\org.hibernate.common\hibernate-commons-annotations\6.0.6.Final\77a5f94b56d49508e0ee334751db5b78e5ccd50c\hibernate-commons-annotations-6.0.6.Final.jar;c:\Users\chunjae\.gradle\caches\modules-2\files-2.1\io.smallrye\jandex\3.1.2\a6c1c89925c7df06242b03dddb353116ceb9584c\jandex-3.1.2.jar;c:\Users\chunjae\.gradle\caches\modules-2\files-2.1\com.fasterxml\classmate\1.7.0\e98374da1f2143ac8e6e0a95036994bb19137a3\classmate-1.7.0.jar;c:\Users\chunjae\.gradle\caches\modules-2\files-2.1\net.bytebuddy\byte-buddy\1.14.19\4c0c637b8f47dc08f89240e6f59900011752c97b\byte-buddy-1.14.19.jar;c:\Users\chunjae\.gradle\caches\modules-2\files-2.1\org.glassfish.jaxb\jaxb-runtime\4.0.5\ca84c2a7169b5293e232b9d00d1e4e36d4c3914a\jaxb-runtime-4.0.5.jar;c:\Users\chunjae\.gradle\caches\modules-2\files-2.1\org.glassfish.jaxb\jaxb-core\4.0.5\7b4b11ea5542eea4ad55e1080b23be436795b3\jaxb-core-4.0.5.jar;c:\Users\chunjae\.gradle\caches\modules-2\files-2.1\jakarta.xml.bind\jakarta.xml.bind-api\4.0.2\6cd5a999b834b63238005b7144136379dc36cad2\jakarta.xml.bind-api-4.0.2.jar;c:\Users\chunjae\.gradle\caches\modules-2\files-2.1\jakarta.inject\jakarta.inject-api\2.0.1\4c28afe1991a941d7702fe1362c365f0a8641d1e\jakarta.inject-api-2.0.1.jar;c:\Users\chunjae\.gradle\caches\modules-2\files-2.1\com.fasterxml.woodstox\woodstox-core\5.2.1\2262f79ba939a9cd827e5a0f0fd1b507fcacce57\woodstox-core-5.2.1.jar;c:\Users\chunjae\.gradle\caches\modules-2\files-2.1\org.eclipse.angus\angus-activation\2.0.2\41f1e0ddd157c856926ed149ab837d110955a9fc\angus-activation-2.0.2.jar;c:\Users\chunjae\.gradle\caches\modules-2\files-2.1\jakarta.activation\jakarta.activation-api\2.1.3\fa165bd70cda600368eee31555222776a46b881f\jakarta.activation-api-2.1.3.jar;c:\Users\chunjae\.gradle\caches\modules-2\files-2.1\org.codehaus.woodstox\stax2-api\4.2\13c2b30926bca0429c704c4b4ca0b5d0432b69cd\stax2-api-4.2.jar;c:\Users\chunjae\.gradle\caches\modules-2\files-2.1\org.glassfish.jaxb\txw2\4.0.5\f36a4ef12120a9bb06d766d6a0e54b144fd7ed98\txw2-4.0.5.jar;c:\Users\chunjae\.gradle\caches\modules-2\files-2.1\com.sun.istack\istack-commons-runtime\4.1.2\18ec117c85f3ba0ac65409136afa8e42bc74e739\istack-commons-runtime-4.1.2.jar;c:\Users\chunjae\.gradle\caches\modules-2\files-2.1\org.springframework.boot\spring-boot-starter-test\3.3.4\5817e13f51a61b15881b71273d3c6d8b4e7175f4\spring-boot-starter-test-3.3.4.jar;c:\Users\chunjae\.gradle\caches\modules-2\files-2.1\org.assertj\assertj-core\3.24.2\ebbf338e33f893139459ce5df023115971c2786f\assertj-core-3.24.2.jar;c:\Users\chunjae\.gradle\caches\modules-2\files-2.1\org.springframework.boot\spring-boot-test-autoconfigure\3.3.4\c07efb09dba261d7d48de3e56ddfb17d40fed09d\spring-boot-test-autoconfigure-3.3.4.jar;c:\Users\chunjae\.gradle\caches\modules-2\files-2.1\org.springframework.boot\spring-boot-test\3.3.4\d52240058128264d69d21b8c1609cdafe3ce3794\spring-boot-test-3.3.4.jar;c:\Users\chunjae\.gradle\caches\modules-2\files-2.1\org.springframework\spring-test\6.1.13\9f0038d672a513ddc201296922da13b1212dd0f7\spring-test-6.1.13.jar;c:\Users\chunjae\.gradle\caches\modules-2\files-2.1\com.jayway.jsonpath\json-path\2.9.0\37fe2217f577b0b68b18e62c4d17a8858ecf9b69\json-path-2.9.0.jar;c:\Users\chunjae\.gradle\caches\modules-2\files-2.1\net.minidev\json-smart\2.5.1\4c11d2808d009132dfbbf947ebf37de6bf266c8e\json-smart-2.5.1.jar;c:\Users\chunjae\.gradle\caches\modules-2\files-2.1\org.awaitility\awaitility\4.2.2\7336242073ebf83fe034e42b46a403c5501b63c9\awaitility-4.2.2.jar;c:\Users\chunjae\.gradle\caches\modules-2\files-2.1\org.hamcrest\hamcrest\2.2\1820c0968dba3a11a1b30669bb1f01978a91dedc\hamcrest-2.2.jar;c:\Users\chunjae\.gradle\caches\modules-2\files-2.1\org.junit.jupiter\junit-jupiter-params\5.10.3\4852f4e4af9074d9214213b199751f99efeab8b9\junit-jupiter-params-5.10.3.jar;c:\Users\chunjae\.gradle\caches\modules-2\files-2.1\org.junit.jupiter\junit-jupiter-api\5.10.3\a22aa91d1d6c69b2020a9aeb6d095ea81132bfa5\junit-jupiter-api-5.10.3.jar;c:\Users\chunjae\.gradle\caches\modules-2\files-2.1\org.junit.platform\junit-platform-commons\1.10.3\a353d42a2f13343a7cb80c5228ae66ff64495481\junit-platform-commons-1.10.3.jar;c:\Users\chunjae\.gradle\caches\modules-2\files-2.1\org.junit.jupiter\junit-jupiter\5.10.3\6686d8fbf251f9bf8ecba413cab57b9e00f9134d\junit-jupiter-5.10.3.jar;c:\Users\chunjae\.gradle\caches\modules-2\files-2.1\org.mockito\mockito-junit-jupiter\5.11.0\8e658dd339f40305ed4293db25545b5df98b171b\mockito-junit-jupiter-5.11.0.jar;c:\Users\chunjae\.gradle\caches\modules-2\files-2.1\org.mockito\mockito-core\5.11.0\e4069fa4f4ff2c94322cfec5f2e45341c6c70aff\mockito-core-5.11.0.jar;c:\Users\chunjae\.gradle\caches\modules-2\files-2.1\org.skyscreamer\jsonassert\1.5.3\aaa43e0823d2a0e106e8754d6a9c4ab24e05e9bc\jsonassert-1.5.3.jar;c:\Users\chunjae\.gradle\caches\modules-2\files-2.1\org.xmlunit\xmlunit-core\2.9.1\e5833662d9a1279a37da3ef6f62a1da29fcd68c4\xmlunit-core-2.9.1.jar;c:\Users\chunjae\.gradle\caches\modules-2\files-2.1\net.minidev\accessors-smart\2.5.1\19b820261eb2e7de7d5bde11d1c06e4501dd7e5f\accessors-smart-2.5.1.jar;c:\Users\chunjae\.gradle\caches\modules-2\files-2.1\net.bytebuddy\byte-buddy-agent\1.14.19\154da3a65b4f4a909d3e5bdec55d1b2b4cbb6ce1\byte-buddy-agent-1.14.19.jar;c:\Users\chunjae\.gradle\caches\modules-2\files-2.1\com.vaadin.external.google\android-json\0.0.20131108.vaadin1\fa26d351fe62a6a17f5cda1287c1c6110dec413f\android-json-0.0.20131108.vaadin1.jar;c:\Users\chunjae\.gradle\caches\modules-2\files-2.1\org.ow2.asm\asm\9.6\aa205cf0a06dbd8e04ece91c0b37c3f5d567546a\asm-9.6.jar;c:\Users\chunjae\.gradle\caches\modules-2\files-2.1\org.opentest4j\opentest4j\1.3.0\152ea56b3a72f655d4fd677fc0ef2596c3dd5e6e\opentest4j-1.3.0.jar;c:\Users\chunjae\.gradle\caches\modules-2\files-2.1\org.apiguardian\apiguardian-api\1.1.2\a231e0d844d2721b0fa1b238006d15c6ded6842a\apiguardian-api-1.1.2.jar;c:\Users\chunjae\.gradle\caches\modules-2\files-2.1\org.junit.jupiter\junit-jupiter-engine\5.10.3\48c14e866bb1a87ca35d24ff068463bb202ada24\junit-jupiter-engine-5.10.3.jar;c:\Users\chunjae\.gradle\caches\modules-2\files-2.1\org.junit.platform\junit-platform-engine\1.10.3\365a320c3cfd47f3346625e541e424e35dc75c42\junit-platform-engine-1.10.3.jar;c:\Users\chunjae\.gradle\caches\modules-2\files-2.1\org.junit.platform\junit-platform-launcher\1.10.3\2e07e6389624f3e93fb2e87aec2fdc30cc84b069\junit-platform-launcher-1.10.3.jar;c:\Users\chunjae\.gradle\caches\modules-2\files-2.1\org.objenesis\objenesis\3.3\1049c09f1de4331e8193e579448d0916d75b7631\objenesis-3.3.jar;c:\Users\chunjae\AppData\Roaming\Code\User\globalStorage\redhat.java\1.35.1\config_win\org.eclipse.osgi\119\0\.cp;c:\Users\chunjae\AppData\Roaming\Code\User\globalStorage\redhat.java\1.35.1\config_win\org.eclipse.osgi\55\0\.cp
Launcher Type: SUN_STANDARD

[Global flags]
     intx CICompilerCount                          = 4                                         {product} {ergonomic}
     uint ConcGCThreads                            = 2                                         {product} {ergonomic}
     uint G1ConcRefinementThreads                  = 8                                         {product} {ergonomic}
   size_t G1HeapRegionSize                         = 1048576                                   {product} {ergonomic}
    uintx GCDrainStackTargetSize                   = 64                                        {product} {ergonomic}
   size_t InitialHeapSize                          = 123731968                                 {product} {ergonomic}
   size_t MarkStackSize                            = 4194304                                   {product} {ergonomic}
   size_t MaxHeapSize                              = 1965031424                                {product} {ergonomic}
   size_t MaxNewSize                               = 1178599424                                {product} {ergonomic}
   size_t MinHeapDeltaBytes                        = 1048576                                   {product} {ergonomic}
   size_t MinHeapSize                              = 8388608                                   {product} {ergonomic}
    uintx NonNMethodCodeHeapSize                   = 5839372                                {pd product} {ergonomic}
    uintx NonProfiledCodeHeapSize                  = 122909434                              {pd product} {ergonomic}
    uintx ProfiledCodeHeapSize                     = 122909434                              {pd product} {ergonomic}
    uintx ReservedCodeCacheSize                    = 251658240                              {pd product} {ergonomic}
     bool SegmentedCodeCache                       = true                                      {product} {ergonomic}
     bool ShowCodeDetailsInExceptionMessages       = true                                   {manageable} {command line}
   size_t SoftMaxHeapSize                          = 1965031424                             {manageable} {ergonomic}
     bool UseCompressedOops                        = true                           {product lp64_product} {ergonomic}
     bool UseG1GC                                  = true                                      {product} {ergonomic}
     bool UseLargePagesIndividualAllocation        = false                                  {pd product} {ergonomic}

Logging:
Log output configuration:
 #0: stdout all=warning uptime,level,tags foldmultilines=false
 #1: stderr all=off uptime,level,tags foldmultilines=false

Environment Variables:
JAVA_HOME=C:\Program Files\Java\jdk-21
CLASSPATH=C:\Program Files\Java\jdk-21\lib
PATH=C:\Program Files\Java\jdk-21\bin;C:\Program Files\Common Files\Oracle\Java\javapath;C:\WINDOWS\system32;C:\WINDOWS;C:\WINDOWS\System32\Wbem;C:\WINDOWS\System32\WindowsPowerShell\v1.0\;C:\WINDOWS\System32\OpenSSH\;C:\Program Files\Git\cmd;C:\tools\gradle-8.8\bin;C:\Users\chunjae\AppData\Local\Programs\Python\Python311\Scripts\;C:\Users\chunjae\AppData\Local\Programs\Python\Python311\;C:\Users\chunjae\AppData\Local\Microsoft\WindowsApps;;C:\Users\chunjae\AppData\Local\Programs\Microsoft VS Code\bin;C:\Program Files\JetBrains\IntelliJ IDEA 2024.1.4\bin;
USERNAME=chunjae
OS=Windows_NT
PROCESSOR_IDENTIFIER=AMD64 Family 23 Model 104 Stepping 1, AuthenticAMD
TMP=C:\Users\chunjae\AppData\Local\Temp
TEMP=C:\Users\chunjae\AppData\Local\Temp




Periodic native trim disabled

---------------  S Y S T E M  ---------------

OS:
 Windows 11 , 64 bit Build 22621 (10.0.22621.1485)
OS uptime: 122 days 23:58 hours
Hyper-V role detected

CPU: total 8 (initial active 8) (8 cores per cpu, 2 threads per core) family 23 model 104 stepping 1 microcode 0x0, cx8, cmov, fxsr, ht, mmx, 3dnowpref, sse, sse2, sse3, ssse3, sse4a, sse4.1, sse4.2, popcnt, lzcnt, tsc, tscinvbit, avx, avx2, aes, clmul, bmi1, bmi2, adx, sha, fma, vzeroupper, clflush, clflushopt, hv, rdtscp, rdpid, f16c
Processor Information for all 8 processors :
  Max Mhz: 2600, Current Mhz: 2600, Mhz Limit: 2600

Memory: 4k page, system-wide physical 7488M (273M free)
TotalPageFile size 30016M (AvailPageFile size 5M)
current process WorkingSet (physical memory assigned to process): 274M, peak: 275M
current process commit charge ("private bytes"): 309M, peak: 311M

vm_info: Java HotSpot(TM) 64-Bit Server VM (21.0.3+7-LTS-152) for windows-amd64 JRE (21.0.3+7-LTS-152), built on 2024-03-11T17:42:26Z by "mach5one" with MS VC++ 17.6 (VS2022)

END.
